[ERROR] shell failed in doStartupServer method

[ERROR] shell failed in doStartupServer method

[ERROR] shell failed in doStartupServer method

[ERROR] shell failed in doStartupServer method

[ERROR] shell failed in doStartupServer method

[ERROR] shell failed in doStartupServer method

[ERROR] shell failed in doStartupServer method

[ERROR] shell failed in doStartupServer method

[ERROR] shell failed in doStartupServer method

[ERROR] shell failed in doStartupServer method

[ERROR] shell failed in doStartupServer method

[ERROR] shell failed in doStartupServer method

[ERROR] shell failed in doStartupServer method

[ERROR] shell failed in doStartupServer method

[ERROR] shell failed in doStartupServer method


















































[WARN] A new version of GWT (2.2.0) is available
For additional info see: file://C:/DOCUME~1/ADMINI~1/LOCALS~1/Temp/gwt-update-2.2.0.html


























































































































































































Loading modules
   org.opevel.Listings
      Validating <servlet> tags for module 'org.opevel.Listings'
      For additional info see: file:/D:/gwt-2.1.1/doc/helpInfo/servletMappings.html
         [WARN] Module declares a servlet class 'com.google.gwt.junit.server.JUnitHostImpl', but the web.xml has no corresponding declaration; please add the following lines to your web.xml:
<servlet>
  <servlet-name>jUnitHostImpl</servlet-name>
  <servlet-class>com.google.gwt.junit.server.JUnitHostImpl</servlet-class>
</servlet>
<servlet-mapping>
  <servlet-name>jUnitHostImpl</servlet-name>
  <url-pattern>/org.opevel.Listings/junithost/*</url-pattern>
</servlet-mapping>











