

[ERROR] Uncaught exception escaped
com.google.gwt.event.shared.UmbrellaException: One or more exceptions caught, see full set in UmbrellaException#getCauses
	at com.google.gwt.event.shared.SimpleEventBus.doFire(SimpleEventBus.java:214)
	at com.google.gwt.event.shared.SimpleEventBus.fireEvent(SimpleEventBus.java:103)
	at com.google.gwt.event.shared.HandlerManager.fireEvent(HandlerManager.java:101)
	at com.google.gwt.user.client.Window.fireEvent(Window.java:896)
	at com.google.gwt.user.client.Window.onClosing(Window.java:850)
	at sun.reflect.NativeMethodAccessorImpl.invoke0(Native Method)
	at sun.reflect.NativeMethodAccessorImpl.invoke(NativeMethodAccessorImpl.java:39)
	at sun.reflect.DelegatingMethodAccessorImpl.invoke(DelegatingMethodAccessorImpl.java:25)
	at java.lang.reflect.Method.invoke(Method.java:597)
	at com.google.gwt.dev.shell.MethodAdaptor.invoke(MethodAdaptor.java:103)
	at com.google.gwt.dev.shell.MethodDispatch.invoke(MethodDispatch.java:71)
	at com.google.gwt.dev.shell.OophmSessionHandler.invoke(OophmSessionHandler.java:157)
	at com.google.gwt.dev.shell.BrowserChannelServer.reactToMessagesWhileWaitingForReturn(BrowserChannelServer.java:326)
	at com.google.gwt.dev.shell.BrowserChannelServer.invokeJavascript(BrowserChannelServer.java:207)
	at com.google.gwt.dev.shell.ModuleSpaceOOPHM.doInvoke(ModuleSpaceOOPHM.java:126)
	at com.google.gwt.dev.shell.ModuleSpace.invokeNative(ModuleSpace.java:561)
	at com.google.gwt.dev.shell.ModuleSpace.invokeNativeObject(ModuleSpace.java:269)
	at com.google.gwt.dev.shell.JavaScriptHost.invokeNativeObject(JavaScriptHost.java:91)
	at com.google.gwt.core.client.impl.Impl.apply(Impl.java)
	at com.google.gwt.core.client.impl.Impl.entry0(Impl.java:214)
	at sun.reflect.GeneratedMethodAccessor52.invoke(Unknown Source)
	at sun.reflect.DelegatingMethodAccessorImpl.invoke(DelegatingMethodAccessorImpl.java:25)
	at java.lang.reflect.Method.invoke(Method.java:597)
	at com.google.gwt.dev.shell.MethodAdaptor.invoke(MethodAdaptor.java:103)
	at com.google.gwt.dev.shell.MethodDispatch.invoke(MethodDispatch.java:71)
	at com.google.gwt.dev.shell.OophmSessionHandler.invoke(OophmSessionHandler.java:157)
	at com.google.gwt.dev.shell.BrowserChannelServer.reactToMessages(BrowserChannelServer.java:281)
	at com.google.gwt.dev.shell.BrowserChannelServer.processConnection(BrowserChannelServer.java:531)
	at com.google.gwt.dev.shell.BrowserChannelServer.run(BrowserChannelServer.java:352)
	at java.lang.Thread.run(Thread.java:619)
Caused by: java.lang.NullPointerException
	at com.google.gwt.place.shared.PlaceController.maybeGoTo(PlaceController.java:129)
	at com.google.gwt.place.shared.PlaceController.access$0(PlaceController.java:126)
	at com.google.gwt.place.shared.PlaceController$1.onWindowClosing(PlaceController.java:80)
	at com.google.gwt.user.client.Window$ClosingEvent.dispatch(Window.java:96)
	at com.google.gwt.user.client.Window$ClosingEvent.dispatch(Window.java:1)
	at com.google.gwt.event.shared.SimpleEventBus.doFire(SimpleEventBus.java:204)
	... 29 more
