[ERROR] Failed to create an instance of 'org.opevel.client.ClientFactory' via deferred binding 
java.lang.NullPointerException
	at org.opevel.client.view.UploadListingImpl.<init>(UploadListingImpl.java:78)
	at org.opevel.client.ClientFactoryImpl.<clinit>(ClientFactoryImpl.java:23)
	at java.lang.Class.forName0(Native Method)
	at java.lang.Class.forName(Class.java:247)
	at com.google.gwt.dev.shell.ModuleSpace.loadClassFromSourceName(ModuleSpace.java:654)
	at com.google.gwt.dev.shell.ModuleSpace.rebindAndCreate(ModuleSpace.java:458)
	at com.google.gwt.dev.shell.GWTBridgeImpl.create(GWTBridgeImpl.java:49)
	at com.google.gwt.core.client.GWT.create(GWT.java:97)
	at org.opevel.client.ListingsEntryPoint.<init>(ListingsEntryPoint.java:39)
	at sun.reflect.NativeConstructorAccessorImpl.newInstance0(Native Method)
	at sun.reflect.NativeConstructorAccessorImpl.newInstance(NativeConstructorAccessorImpl.java:39)
	at sun.reflect.DelegatingConstructorAccessorImpl.newInstance(DelegatingConstructorAccessorImpl.java:27)
	at java.lang.reflect.Constructor.newInstance(Constructor.java:513)
	at com.google.gwt.dev.shell.ModuleSpace.rebindAndCreate(ModuleSpace.java:465)
	at com.google.gwt.dev.shell.ModuleSpace.onLoad(ModuleSpace.java:375)
	at com.google.gwt.dev.shell.OophmSessionHandler.loadModule(OophmSessionHandler.java:183)
	at com.google.gwt.dev.shell.BrowserChannelServer.processConnection(BrowserChannelServer.java:510)
	at com.google.gwt.dev.shell.BrowserChannelServer.run(BrowserChannelServer.java:352)
	at java.lang.Thread.run(Thread.java:619)
[ERROR] Failed to create an instance of 'org.opevel.client.ListingsEntryPoint' via deferred binding 
java.lang.RuntimeException: Deferred binding failed for 'org.opevel.client.ClientFactory' (did you forget to inherit a required module?)
	at com.google.gwt.dev.shell.GWTBridgeImpl.create(GWTBridgeImpl.java:53)
	at com.google.gwt.core.client.GWT.create(GWT.java:97)
	at org.opevel.client.ListingsEntryPoint.<init>(ListingsEntryPoint.java:39)
	at sun.reflect.NativeConstructorAccessorImpl.newInstance0(Native Method)
	at sun.reflect.NativeConstructorAccessorImpl.newInstance(NativeConstructorAccessorImpl.java:39)
	at sun.reflect.DelegatingConstructorAccessorImpl.newInstance(DelegatingConstructorAccessorImpl.java:27)
	at java.lang.reflect.Constructor.newInstance(Constructor.java:513)
	at com.google.gwt.dev.shell.ModuleSpace.rebindAndCreate(ModuleSpace.java:465)
	at com.google.gwt.dev.shell.ModuleSpace.onLoad(ModuleSpace.java:375)
	at com.google.gwt.dev.shell.OophmSessionHandler.loadModule(OophmSessionHandler.java:183)
	at com.google.gwt.dev.shell.BrowserChannelServer.processConnection(BrowserChannelServer.java:510)
	at com.google.gwt.dev.shell.BrowserChannelServer.run(BrowserChannelServer.java:352)
	at java.lang.Thread.run(Thread.java:619)
Caused by: com.google.gwt.core.ext.UnableToCompleteException: (see previous log entries)
	at com.google.gwt.dev.shell.ModuleSpace.rebindAndCreate(ModuleSpace.java:503)
	at com.google.gwt.dev.shell.GWTBridgeImpl.create(GWTBridgeImpl.java:49)
	... 12 more
[ERROR] Unable to load module entry point class org.opevel.client.ListingsEntryPoint (see associated exception for details)
com.google.gwt.core.ext.UnableToCompleteException: (see previous log entries)
	at com.google.gwt.dev.shell.ModuleSpace.rebindAndCreate(ModuleSpace.java:503)
	at com.google.gwt.dev.shell.ModuleSpace.onLoad(ModuleSpace.java:375)
	at com.google.gwt.dev.shell.OophmSessionHandler.loadModule(OophmSessionHandler.java:183)
	at com.google.gwt.dev.shell.BrowserChannelServer.processConnection(BrowserChannelServer.java:510)
	at com.google.gwt.dev.shell.BrowserChannelServer.run(BrowserChannelServer.java:352)
	at java.lang.Thread.run(Thread.java:619)
[ERROR] Failed to load module 'org.opevel.Listings' from user agent 'Mozilla/5.0 (Windows; U; Windows NT 5.2; en-US; rv:1.9.1.16) Gecko/20101130 Firefox/3.5.16' at guideboard:3168
com.google.gwt.core.ext.UnableToCompleteException: (see previous log entries)
	at com.google.gwt.dev.shell.ModuleSpace.onLoad(ModuleSpace.java:434)
	at com.google.gwt.dev.shell.OophmSessionHandler.loadModule(OophmSessionHandler.java:183)
	at com.google.gwt.dev.shell.BrowserChannelServer.processConnection(BrowserChannelServer.java:510)
	at com.google.gwt.dev.shell.BrowserChannelServer.run(BrowserChannelServer.java:352)
	at java.lang.Thread.run(Thread.java:619)

[ERROR] Failed to create an instance of 'org.opevel.client.ClientFactory' via deferred binding 
java.lang.NullPointerException
	at org.opevel.client.view.UploadListingImpl.<init>(UploadListingImpl.java:78)
	at org.opevel.client.ClientFactoryImpl.<clinit>(ClientFactoryImpl.java:23)
	at java.lang.Class.forName0(Native Method)
	at java.lang.Class.forName(Class.java:247)
	at com.google.gwt.dev.shell.ModuleSpace.loadClassFromSourceName(ModuleSpace.java:654)
	at com.google.gwt.dev.shell.ModuleSpace.rebindAndCreate(ModuleSpace.java:458)
	at com.google.gwt.dev.shell.GWTBridgeImpl.create(GWTBridgeImpl.java:49)
	at com.google.gwt.core.client.GWT.create(GWT.java:97)
	at org.opevel.client.ListingsEntryPoint.<init>(ListingsEntryPoint.java:39)
	at sun.reflect.NativeConstructorAccessorImpl.newInstance0(Native Method)
	at sun.reflect.NativeConstructorAccessorImpl.newInstance(NativeConstructorAccessorImpl.java:39)
	at sun.reflect.DelegatingConstructorAccessorImpl.newInstance(DelegatingConstructorAccessorImpl.java:27)
	at java.lang.reflect.Constructor.newInstance(Constructor.java:513)
	at com.google.gwt.dev.shell.ModuleSpace.rebindAndCreate(ModuleSpace.java:465)
	at com.google.gwt.dev.shell.ModuleSpace.onLoad(ModuleSpace.java:375)
	at com.google.gwt.dev.shell.OophmSessionHandler.loadModule(OophmSessionHandler.java:183)
	at com.google.gwt.dev.shell.BrowserChannelServer.processConnection(BrowserChannelServer.java:510)
	at com.google.gwt.dev.shell.BrowserChannelServer.run(BrowserChannelServer.java:352)
	at java.lang.Thread.run(Thread.java:619)
[ERROR] Failed to create an instance of 'org.opevel.client.ListingsEntryPoint' via deferred binding 
java.lang.RuntimeException: Deferred binding failed for 'org.opevel.client.ClientFactory' (did you forget to inherit a required module?)
	at com.google.gwt.dev.shell.GWTBridgeImpl.create(GWTBridgeImpl.java:53)
	at com.google.gwt.core.client.GWT.create(GWT.java:97)
	at org.opevel.client.ListingsEntryPoint.<init>(ListingsEntryPoint.java:39)
	at sun.reflect.NativeConstructorAccessorImpl.newInstance0(Native Method)
	at sun.reflect.NativeConstructorAccessorImpl.newInstance(NativeConstructorAccessorImpl.java:39)
	at sun.reflect.DelegatingConstructorAccessorImpl.newInstance(DelegatingConstructorAccessorImpl.java:27)
	at java.lang.reflect.Constructor.newInstance(Constructor.java:513)
	at com.google.gwt.dev.shell.ModuleSpace.rebindAndCreate(ModuleSpace.java:465)
	at com.google.gwt.dev.shell.ModuleSpace.onLoad(ModuleSpace.java:375)
	at com.google.gwt.dev.shell.OophmSessionHandler.loadModule(OophmSessionHandler.java:183)
	at com.google.gwt.dev.shell.BrowserChannelServer.processConnection(BrowserChannelServer.java:510)
	at com.google.gwt.dev.shell.BrowserChannelServer.run(BrowserChannelServer.java:352)
	at java.lang.Thread.run(Thread.java:619)
Caused by: com.google.gwt.core.ext.UnableToCompleteException: (see previous log entries)
	at com.google.gwt.dev.shell.ModuleSpace.rebindAndCreate(ModuleSpace.java:503)
	at com.google.gwt.dev.shell.GWTBridgeImpl.create(GWTBridgeImpl.java:49)
	... 12 more
[ERROR] Unable to load module entry point class org.opevel.client.ListingsEntryPoint (see associated exception for details)
com.google.gwt.core.ext.UnableToCompleteException: (see previous log entries)
	at com.google.gwt.dev.shell.ModuleSpace.rebindAndCreate(ModuleSpace.java:503)
	at com.google.gwt.dev.shell.ModuleSpace.onLoad(ModuleSpace.java:375)
	at com.google.gwt.dev.shell.OophmSessionHandler.loadModule(OophmSessionHandler.java:183)
	at com.google.gwt.dev.shell.BrowserChannelServer.processConnection(BrowserChannelServer.java:510)
	at com.google.gwt.dev.shell.BrowserChannelServer.run(BrowserChannelServer.java:352)
	at java.lang.Thread.run(Thread.java:619)
[ERROR] Failed to load module 'org.opevel.Listings' from user agent 'Mozilla/5.0 (Windows; U; Windows NT 5.2; en-US; rv:1.9.1.16) Gecko/20101130 Firefox/3.5.16' at guideboard:3943
com.google.gwt.core.ext.UnableToCompleteException: (see previous log entries)
	at com.google.gwt.dev.shell.ModuleSpace.onLoad(ModuleSpace.java:434)
	at com.google.gwt.dev.shell.OophmSessionHandler.loadModule(OophmSessionHandler.java:183)
	at com.google.gwt.dev.shell.BrowserChannelServer.processConnection(BrowserChannelServer.java:510)
	at com.google.gwt.dev.shell.BrowserChannelServer.run(BrowserChannelServer.java:352)
	at java.lang.Thread.run(Thread.java:619)

[ERROR] Failed to create an instance of 'org.opevel.client.ClientFactory' via deferred binding 
java.lang.NullPointerException
	at org.opevel.client.view.UploadListingImpl.<init>(UploadListingImpl.java:78)
	at org.opevel.client.ClientFactoryImpl.<clinit>(ClientFactoryImpl.java:23)
	at java.lang.Class.forName0(Native Method)
	at java.lang.Class.forName(Class.java:247)
	at com.google.gwt.dev.shell.ModuleSpace.loadClassFromSourceName(ModuleSpace.java:654)
	at com.google.gwt.dev.shell.ModuleSpace.rebindAndCreate(ModuleSpace.java:458)
	at com.google.gwt.dev.shell.GWTBridgeImpl.create(GWTBridgeImpl.java:49)
	at com.google.gwt.core.client.GWT.create(GWT.java:97)
	at org.opevel.client.ListingsEntryPoint.<init>(ListingsEntryPoint.java:39)
	at sun.reflect.NativeConstructorAccessorImpl.newInstance0(Native Method)
	at sun.reflect.NativeConstructorAccessorImpl.newInstance(NativeConstructorAccessorImpl.java:39)
	at sun.reflect.DelegatingConstructorAccessorImpl.newInstance(DelegatingConstructorAccessorImpl.java:27)
	at java.lang.reflect.Constructor.newInstance(Constructor.java:513)
	at com.google.gwt.dev.shell.ModuleSpace.rebindAndCreate(ModuleSpace.java:465)
	at com.google.gwt.dev.shell.ModuleSpace.onLoad(ModuleSpace.java:375)
	at com.google.gwt.dev.shell.OophmSessionHandler.loadModule(OophmSessionHandler.java:183)
	at com.google.gwt.dev.shell.BrowserChannelServer.processConnection(BrowserChannelServer.java:510)
	at com.google.gwt.dev.shell.BrowserChannelServer.run(BrowserChannelServer.java:352)
	at java.lang.Thread.run(Thread.java:619)
[ERROR] Failed to create an instance of 'org.opevel.client.ListingsEntryPoint' via deferred binding 
java.lang.RuntimeException: Deferred binding failed for 'org.opevel.client.ClientFactory' (did you forget to inherit a required module?)
	at com.google.gwt.dev.shell.GWTBridgeImpl.create(GWTBridgeImpl.java:53)
	at com.google.gwt.core.client.GWT.create(GWT.java:97)
	at org.opevel.client.ListingsEntryPoint.<init>(ListingsEntryPoint.java:39)
	at sun.reflect.NativeConstructorAccessorImpl.newInstance0(Native Method)
	at sun.reflect.NativeConstructorAccessorImpl.newInstance(NativeConstructorAccessorImpl.java:39)
	at sun.reflect.DelegatingConstructorAccessorImpl.newInstance(DelegatingConstructorAccessorImpl.java:27)
	at java.lang.reflect.Constructor.newInstance(Constructor.java:513)
	at com.google.gwt.dev.shell.ModuleSpace.rebindAndCreate(ModuleSpace.java:465)
	at com.google.gwt.dev.shell.ModuleSpace.onLoad(ModuleSpace.java:375)
	at com.google.gwt.dev.shell.OophmSessionHandler.loadModule(OophmSessionHandler.java:183)
	at com.google.gwt.dev.shell.BrowserChannelServer.processConnection(BrowserChannelServer.java:510)
	at com.google.gwt.dev.shell.BrowserChannelServer.run(BrowserChannelServer.java:352)
	at java.lang.Thread.run(Thread.java:619)
Caused by: com.google.gwt.core.ext.UnableToCompleteException: (see previous log entries)
	at com.google.gwt.dev.shell.ModuleSpace.rebindAndCreate(ModuleSpace.java:503)
	at com.google.gwt.dev.shell.GWTBridgeImpl.create(GWTBridgeImpl.java:49)
	... 12 more
[ERROR] Unable to load module entry point class org.opevel.client.ListingsEntryPoint (see associated exception for details)
com.google.gwt.core.ext.UnableToCompleteException: (see previous log entries)
	at com.google.gwt.dev.shell.ModuleSpace.rebindAndCreate(ModuleSpace.java:503)
	at com.google.gwt.dev.shell.ModuleSpace.onLoad(ModuleSpace.java:375)
	at com.google.gwt.dev.shell.OophmSessionHandler.loadModule(OophmSessionHandler.java:183)
	at com.google.gwt.dev.shell.BrowserChannelServer.processConnection(BrowserChannelServer.java:510)
	at com.google.gwt.dev.shell.BrowserChannelServer.run(BrowserChannelServer.java:352)
	at java.lang.Thread.run(Thread.java:619)
[ERROR] Failed to load module 'org.opevel.Listings' from user agent 'Mozilla/5.0 (Windows; U; Windows NT 5.2; en-US; rv:1.9.1.16) Gecko/20101130 Firefox/3.5.16' at guideboard:2908
com.google.gwt.core.ext.UnableToCompleteException: (see previous log entries)
	at com.google.gwt.dev.shell.ModuleSpace.onLoad(ModuleSpace.java:434)
	at com.google.gwt.dev.shell.OophmSessionHandler.loadModule(OophmSessionHandler.java:183)
	at com.google.gwt.dev.shell.BrowserChannelServer.processConnection(BrowserChannelServer.java:510)
	at com.google.gwt.dev.shell.BrowserChannelServer.run(BrowserChannelServer.java:352)
	at java.lang.Thread.run(Thread.java:619)

[ERROR] Uncaught exception escaped
com.google.gwt.event.shared.UmbrellaException: One or more exceptions caught, see full set in UmbrellaException#getCauses
	at com.google.gwt.event.shared.SimpleEventBus.doFire(SimpleEventBus.java:214)
	at com.google.gwt.event.shared.SimpleEventBus.fireEvent(SimpleEventBus.java:103)
	at com.google.gwt.event.shared.HandlerManager.fireEvent(HandlerManager.java:101)
	at com.google.gwt.user.client.ui.Widget.fireEvent(Widget.java:103)
	at com.google.gwt.event.dom.client.DomEvent.fireNativeEvent(DomEvent.java:116)
	at com.google.gwt.user.client.ui.Widget.onBrowserEvent(Widget.java:151)
	at com.google.gwt.user.client.DOM.dispatchEventImpl(DOM.java:1308)
	at com.google.gwt.user.client.DOM.dispatchEvent(DOM.java:1264)
	at sun.reflect.GeneratedMethodAccessor35.invoke(Unknown Source)
	at sun.reflect.DelegatingMethodAccessorImpl.invoke(DelegatingMethodAccessorImpl.java:25)
	at java.lang.reflect.Method.invoke(Method.java:597)
	at com.google.gwt.dev.shell.MethodAdaptor.invoke(MethodAdaptor.java:103)
	at com.google.gwt.dev.shell.MethodDispatch.invoke(MethodDispatch.java:71)
	at com.google.gwt.dev.shell.OophmSessionHandler.invoke(OophmSessionHandler.java:157)
	at com.google.gwt.dev.shell.BrowserChannelServer.reactToMessagesWhileWaitingForReturn(BrowserChannelServer.java:326)
	at com.google.gwt.dev.shell.BrowserChannelServer.invokeJavascript(BrowserChannelServer.java:207)
	at com.google.gwt.dev.shell.ModuleSpaceOOPHM.doInvoke(ModuleSpaceOOPHM.java:126)
	at com.google.gwt.dev.shell.ModuleSpace.invokeNative(ModuleSpace.java:561)
	at com.google.gwt.dev.shell.ModuleSpace.invokeNativeObject(ModuleSpace.java:269)
	at com.google.gwt.dev.shell.JavaScriptHost.invokeNativeObject(JavaScriptHost.java:91)
	at com.google.gwt.core.client.impl.Impl.apply(Impl.java)
	at com.google.gwt.core.client.impl.Impl.entry0(Impl.java:214)
	at sun.reflect.GeneratedMethodAccessor29.invoke(Unknown Source)
	at sun.reflect.DelegatingMethodAccessorImpl.invoke(DelegatingMethodAccessorImpl.java:25)
	at java.lang.reflect.Method.invoke(Method.java:597)
	at com.google.gwt.dev.shell.MethodAdaptor.invoke(MethodAdaptor.java:103)
	at com.google.gwt.dev.shell.MethodDispatch.invoke(MethodDispatch.java:71)
	at com.google.gwt.dev.shell.OophmSessionHandler.invoke(OophmSessionHandler.java:157)
	at com.google.gwt.dev.shell.BrowserChannelServer.reactToMessages(BrowserChannelServer.java:281)
	at com.google.gwt.dev.shell.BrowserChannelServer.processConnection(BrowserChannelServer.java:531)
	at com.google.gwt.dev.shell.BrowserChannelServer.run(BrowserChannelServer.java:352)
	at java.lang.Thread.run(Thread.java:619)
Caused by: com.google.gwt.event.shared.UmbrellaException: One or more exceptions caught, see full set in UmbrellaException#getCauses
	at com.google.gwt.event.shared.SimpleEventBus.doFire(SimpleEventBus.java:214)
	at com.google.gwt.event.shared.SimpleEventBus.fireEvent(SimpleEventBus.java:103)
	at com.google.gwt.event.shared.HandlerManager.fireEvent(HandlerManager.java:101)
	at com.google.gwt.user.client.ui.Widget.fireEvent(Widget.java:103)
	at com.google.gwt.user.client.ui.FormPanel.fireSubmitEvent(FormPanel.java:610)
	at com.google.gwt.user.client.ui.FormPanel.submit(FormPanel.java:548)
	at org.opevel.client.view.UploadListingImpl$1.onClick(UploadListingImpl.java:151)
	at com.google.gwt.event.dom.client.ClickEvent.dispatch(ClickEvent.java:54)
	at com.google.gwt.event.dom.client.ClickEvent.dispatch(ClickEvent.java:1)
	at com.google.gwt.event.shared.SimpleEventBus.doFire(SimpleEventBus.java:204)
	... 31 more
Caused by: java.lang.ClassCastException: java.lang.Double cannot be cast to java.lang.Float
	at org.opevel.client.view.UploadListingImpl.setNewListingsData(UploadListingImpl.java:215)
	at org.opevel.client.view.UploadListingImpl$3.onSubmit(UploadListingImpl.java:175)
	at com.google.gwt.user.client.ui.FormPanel$SubmitEvent.dispatch(FormPanel.java:179)
	at com.google.gwt.user.client.ui.FormPanel$SubmitEvent.dispatch(FormPanel.java:1)
	at com.google.gwt.event.shared.SimpleEventBus.doFire(SimpleEventBus.java:204)
	... 40 more




[ERROR] Failed to create an instance of 'org.opevel.client.ClientFactory' via deferred binding 
java.lang.NullPointerException
	at org.opevel.client.widgets.SearchWidget$2.setStyleName(SearchWidget.java:30)
	at com.google.gwt.user.client.ui.TextBox.<init>(TextBox.java:96)
	at com.google.gwt.user.client.ui.TextBox.<init>(TextBox.java:78)
	at org.opevel.client.widgets.SearchWidget$2.<init>(SearchWidget.java:26)
	at org.opevel.client.widgets.SearchWidget.<init>(SearchWidget.java:26)
	at org.opevel.client.widgets.HeaderWidget.<init>(HeaderWidget.java:29)
	at org.opevel.client.view.UploadListingImpl.<init>(UploadListingImpl.java:85)
	at org.opevel.client.ClientFactoryImpl.<clinit>(ClientFactoryImpl.java:23)
	at java.lang.Class.forName0(Native Method)
	at java.lang.Class.forName(Class.java:247)
	at com.google.gwt.dev.shell.ModuleSpace.loadClassFromSourceName(ModuleSpace.java:654)
	at com.google.gwt.dev.shell.ModuleSpace.rebindAndCreate(ModuleSpace.java:458)
	at com.google.gwt.dev.shell.GWTBridgeImpl.create(GWTBridgeImpl.java:49)
	at com.google.gwt.core.client.GWT.create(GWT.java:97)
	at org.opevel.client.ListingsEntryPoint.<init>(ListingsEntryPoint.java:39)
	at sun.reflect.NativeConstructorAccessorImpl.newInstance0(Native Method)
	at sun.reflect.NativeConstructorAccessorImpl.newInstance(NativeConstructorAccessorImpl.java:39)
	at sun.reflect.DelegatingConstructorAccessorImpl.newInstance(DelegatingConstructorAccessorImpl.java:27)
	at java.lang.reflect.Constructor.newInstance(Constructor.java:513)
	at com.google.gwt.dev.shell.ModuleSpace.rebindAndCreate(ModuleSpace.java:465)
	at com.google.gwt.dev.shell.ModuleSpace.onLoad(ModuleSpace.java:375)
	at com.google.gwt.dev.shell.OophmSessionHandler.loadModule(OophmSessionHandler.java:183)
	at com.google.gwt.dev.shell.BrowserChannelServer.processConnection(BrowserChannelServer.java:510)
	at com.google.gwt.dev.shell.BrowserChannelServer.run(BrowserChannelServer.java:352)
	at java.lang.Thread.run(Thread.java:619)
[ERROR] Failed to create an instance of 'org.opevel.client.ListingsEntryPoint' via deferred binding 
java.lang.RuntimeException: Deferred binding failed for 'org.opevel.client.ClientFactory' (did you forget to inherit a required module?)
	at com.google.gwt.dev.shell.GWTBridgeImpl.create(GWTBridgeImpl.java:53)
	at com.google.gwt.core.client.GWT.create(GWT.java:97)
	at org.opevel.client.ListingsEntryPoint.<init>(ListingsEntryPoint.java:39)
	at sun.reflect.NativeConstructorAccessorImpl.newInstance0(Native Method)
	at sun.reflect.NativeConstructorAccessorImpl.newInstance(NativeConstructorAccessorImpl.java:39)
	at sun.reflect.DelegatingConstructorAccessorImpl.newInstance(DelegatingConstructorAccessorImpl.java:27)
	at java.lang.reflect.Constructor.newInstance(Constructor.java:513)
	at com.google.gwt.dev.shell.ModuleSpace.rebindAndCreate(ModuleSpace.java:465)
	at com.google.gwt.dev.shell.ModuleSpace.onLoad(ModuleSpace.java:375)
	at com.google.gwt.dev.shell.OophmSessionHandler.loadModule(OophmSessionHandler.java:183)
	at com.google.gwt.dev.shell.BrowserChannelServer.processConnection(BrowserChannelServer.java:510)
	at com.google.gwt.dev.shell.BrowserChannelServer.run(BrowserChannelServer.java:352)
	at java.lang.Thread.run(Thread.java:619)
Caused by: com.google.gwt.core.ext.UnableToCompleteException: (see previous log entries)
	at com.google.gwt.dev.shell.ModuleSpace.rebindAndCreate(ModuleSpace.java:503)
	at com.google.gwt.dev.shell.GWTBridgeImpl.create(GWTBridgeImpl.java:49)
	... 12 more
[ERROR] Unable to load module entry point class org.opevel.client.ListingsEntryPoint (see associated exception for details)
com.google.gwt.core.ext.UnableToCompleteException: (see previous log entries)
	at com.google.gwt.dev.shell.ModuleSpace.rebindAndCreate(ModuleSpace.java:503)
	at com.google.gwt.dev.shell.ModuleSpace.onLoad(ModuleSpace.java:375)
	at com.google.gwt.dev.shell.OophmSessionHandler.loadModule(OophmSessionHandler.java:183)
	at com.google.gwt.dev.shell.BrowserChannelServer.processConnection(BrowserChannelServer.java:510)
	at com.google.gwt.dev.shell.BrowserChannelServer.run(BrowserChannelServer.java:352)
	at java.lang.Thread.run(Thread.java:619)
[ERROR] Failed to load module 'org.opevel.Listings' from user agent 'Mozilla/5.0 (Windows; U; Windows NT 5.2; en-US; rv:1.9.1.16) Gecko/20101130 Firefox/3.5.16' at guideboard:4050
com.google.gwt.core.ext.UnableToCompleteException: (see previous log entries)
	at com.google.gwt.dev.shell.ModuleSpace.onLoad(ModuleSpace.java:434)
	at com.google.gwt.dev.shell.OophmSessionHandler.loadModule(OophmSessionHandler.java:183)
	at com.google.gwt.dev.shell.BrowserChannelServer.processConnection(BrowserChannelServer.java:510)
	at com.google.gwt.dev.shell.BrowserChannelServer.run(BrowserChannelServer.java:352)
	at java.lang.Thread.run(Thread.java:619)







[ERROR] Uncaught exception escaped
com.google.gwt.event.shared.UmbrellaException: One or more exceptions caught, see full set in UmbrellaException#getCauses
	at com.google.gwt.event.shared.SimpleEventBus.doFire(SimpleEventBus.java:214)
	at com.google.gwt.event.shared.SimpleEventBus.fireEvent(SimpleEventBus.java:103)
	at com.google.gwt.event.shared.HandlerManager.fireEvent(HandlerManager.java:101)
	at com.google.gwt.user.client.ui.Widget.fireEvent(Widget.java:103)
	at com.google.gwt.event.dom.client.DomEvent.fireNativeEvent(DomEvent.java:116)
	at com.google.gwt.user.client.ui.Widget.onBrowserEvent(Widget.java:151)
	at com.google.gwt.user.client.DOM.dispatchEventImpl(DOM.java:1308)
	at com.google.gwt.user.client.DOM.dispatchEvent(DOM.java:1264)
	at sun.reflect.NativeMethodAccessorImpl.invoke0(Native Method)
	at sun.reflect.NativeMethodAccessorImpl.invoke(NativeMethodAccessorImpl.java:39)
	at sun.reflect.DelegatingMethodAccessorImpl.invoke(DelegatingMethodAccessorImpl.java:25)
	at java.lang.reflect.Method.invoke(Method.java:597)
	at com.google.gwt.dev.shell.MethodAdaptor.invoke(MethodAdaptor.java:103)
	at com.google.gwt.dev.shell.MethodDispatch.invoke(MethodDispatch.java:71)
	at com.google.gwt.dev.shell.OophmSessionHandler.invoke(OophmSessionHandler.java:157)
	at com.google.gwt.dev.shell.BrowserChannelServer.reactToMessagesWhileWaitingForReturn(BrowserChannelServer.java:326)
	at com.google.gwt.dev.shell.BrowserChannelServer.invokeJavascript(BrowserChannelServer.java:207)
	at com.google.gwt.dev.shell.ModuleSpaceOOPHM.doInvoke(ModuleSpaceOOPHM.java:126)
	at com.google.gwt.dev.shell.ModuleSpace.invokeNative(ModuleSpace.java:561)
	at com.google.gwt.dev.shell.ModuleSpace.invokeNativeObject(ModuleSpace.java:269)
	at com.google.gwt.dev.shell.JavaScriptHost.invokeNativeObject(JavaScriptHost.java:91)
	at com.google.gwt.core.client.impl.Impl.apply(Impl.java)
	at com.google.gwt.core.client.impl.Impl.entry0(Impl.java:214)
	at sun.reflect.GeneratedMethodAccessor29.invoke(Unknown Source)
	at sun.reflect.DelegatingMethodAccessorImpl.invoke(DelegatingMethodAccessorImpl.java:25)
	at java.lang.reflect.Method.invoke(Method.java:597)
	at com.google.gwt.dev.shell.MethodAdaptor.invoke(MethodAdaptor.java:103)
	at com.google.gwt.dev.shell.MethodDispatch.invoke(MethodDispatch.java:71)
	at com.google.gwt.dev.shell.OophmSessionHandler.invoke(OophmSessionHandler.java:157)
	at com.google.gwt.dev.shell.BrowserChannelServer.reactToMessages(BrowserChannelServer.java:281)
	at com.google.gwt.dev.shell.BrowserChannelServer.processConnection(BrowserChannelServer.java:531)
	at com.google.gwt.dev.shell.BrowserChannelServer.run(BrowserChannelServer.java:352)
	at java.lang.Thread.run(Thread.java:619)
Caused by: java.lang.NullPointerException
	at org.opevel.client.widgets.HeaderWidget$SearchWidget2.getSearchservice(HeaderWidget.java:91)
	at org.opevel.client.widgets.HeaderWidget$SearchWidget2$2.onClick(HeaderWidget.java:120)
	at com.google.gwt.event.dom.client.ClickEvent.dispatch(ClickEvent.java:54)
	at com.google.gwt.event.dom.client.ClickEvent.dispatch(ClickEvent.java:1)
	at com.google.gwt.event.shared.SimpleEventBus.doFire(SimpleEventBus.java:204)
	... 32 more




[ERROR] Uncaught exception escaped
com.google.gwt.event.shared.UmbrellaException: One or more exceptions caught, see full set in UmbrellaException#getCauses
	at com.google.gwt.event.shared.SimpleEventBus.doFire(SimpleEventBus.java:214)
	at com.google.gwt.event.shared.SimpleEventBus.fireEvent(SimpleEventBus.java:103)
	at com.google.gwt.event.shared.HandlerManager.fireEvent(HandlerManager.java:101)
	at com.google.gwt.user.client.ui.Widget.fireEvent(Widget.java:103)
	at com.google.gwt.event.dom.client.DomEvent.fireNativeEvent(DomEvent.java:116)
	at com.google.gwt.user.client.ui.Widget.onBrowserEvent(Widget.java:151)
	at com.google.gwt.user.client.DOM.dispatchEventImpl(DOM.java:1308)
	at com.google.gwt.user.client.DOM.dispatchEvent(DOM.java:1264)
	at sun.reflect.NativeMethodAccessorImpl.invoke0(Native Method)
	at sun.reflect.NativeMethodAccessorImpl.invoke(NativeMethodAccessorImpl.java:39)
	at sun.reflect.DelegatingMethodAccessorImpl.invoke(DelegatingMethodAccessorImpl.java:25)
	at java.lang.reflect.Method.invoke(Method.java:597)
	at com.google.gwt.dev.shell.MethodAdaptor.invoke(MethodAdaptor.java:103)
	at com.google.gwt.dev.shell.MethodDispatch.invoke(MethodDispatch.java:71)
	at com.google.gwt.dev.shell.OophmSessionHandler.invoke(OophmSessionHandler.java:157)
	at com.google.gwt.dev.shell.BrowserChannelServer.reactToMessagesWhileWaitingForReturn(BrowserChannelServer.java:326)
	at com.google.gwt.dev.shell.BrowserChannelServer.invokeJavascript(BrowserChannelServer.java:207)
	at com.google.gwt.dev.shell.ModuleSpaceOOPHM.doInvoke(ModuleSpaceOOPHM.java:126)
	at com.google.gwt.dev.shell.ModuleSpace.invokeNative(ModuleSpace.java:561)
	at com.google.gwt.dev.shell.ModuleSpace.invokeNativeObject(ModuleSpace.java:269)
	at com.google.gwt.dev.shell.JavaScriptHost.invokeNativeObject(JavaScriptHost.java:91)
	at com.google.gwt.core.client.impl.Impl.apply(Impl.java)
	at com.google.gwt.core.client.impl.Impl.entry0(Impl.java:214)
	at sun.reflect.GeneratedMethodAccessor31.invoke(Unknown Source)
	at sun.reflect.DelegatingMethodAccessorImpl.invoke(DelegatingMethodAccessorImpl.java:25)
	at java.lang.reflect.Method.invoke(Method.java:597)
	at com.google.gwt.dev.shell.MethodAdaptor.invoke(MethodAdaptor.java:103)
	at com.google.gwt.dev.shell.MethodDispatch.invoke(MethodDispatch.java:71)
	at com.google.gwt.dev.shell.OophmSessionHandler.invoke(OophmSessionHandler.java:157)
	at com.google.gwt.dev.shell.BrowserChannelServer.reactToMessages(BrowserChannelServer.java:281)
	at com.google.gwt.dev.shell.BrowserChannelServer.processConnection(BrowserChannelServer.java:531)
	at com.google.gwt.dev.shell.BrowserChannelServer.run(BrowserChannelServer.java:352)
	at java.lang.Thread.run(Thread.java:619)
Caused by: com.google.gwt.event.shared.UmbrellaException: One or more exceptions caught, see full set in UmbrellaException#getCauses
	at com.google.gwt.event.shared.SimpleEventBus.doFire(SimpleEventBus.java:214)
	at com.google.gwt.event.shared.SimpleEventBus.fireEvent(SimpleEventBus.java:103)
	at com.google.gwt.event.shared.HandlerManager.fireEvent(HandlerManager.java:101)
	at com.google.gwt.user.client.ui.Widget.fireEvent(Widget.java:103)
	at com.google.gwt.user.client.ui.FormPanel.fireSubmitEvent(FormPanel.java:610)
	at com.google.gwt.user.client.ui.FormPanel.submit(FormPanel.java:548)
	at org.opevel.client.MainSignup$1.onClick(MainSignup.java:146)
	at com.google.gwt.event.dom.client.ClickEvent.dispatch(ClickEvent.java:54)
	at com.google.gwt.event.dom.client.ClickEvent.dispatch(ClickEvent.java:1)
	at com.google.gwt.event.shared.SimpleEventBus.doFire(SimpleEventBus.java:204)
	... 32 more
Caused by: com.google.gwt.user.client.rpc.ServiceDefTarget$NoServiceEntryPointSpecifiedException: Service implementation URL not specified
	at com.google.gwt.user.client.rpc.impl.RemoteServiceProxy.doPrepareRequestBuilderImpl(RemoteServiceProxy.java:326)
	at com.google.gwt.user.client.rpc.impl.RemoteServiceProxy.doInvoke(RemoteServiceProxy.java:265)
	at org.opevel.client.SpringSignupService_Proxy.createUser(SpringSignupService_Proxy.java:37)
	at org.opevel.client.MainSignup$3.onSubmit(MainSignup.java:175)
	at com.google.gwt.user.client.ui.FormPanel$SubmitEvent.dispatch(FormPanel.java:179)
	at com.google.gwt.user.client.ui.FormPanel$SubmitEvent.dispatch(FormPanel.java:1)
	at com.google.gwt.event.shared.SimpleEventBus.doFire(SimpleEventBus.java:204)
	... 41 more






