


[ERROR] Failed to create an instance of 'org.opevel.client.ClientFactory' via deferred binding 
java.lang.NullPointerException
	at org.opevel.client.widgets.HeaderWidget$SearchWidget2.<init>(HeaderWidget.java:89)
	at org.opevel.client.widgets.HeaderWidget.<init>(HeaderWidget.java:55)
	at org.opevel.client.view.UploadListingImpl.<init>(UploadListingImpl.java:85)
	at org.opevel.client.ClientFactoryImpl.<clinit>(ClientFactoryImpl.java:25)
	at java.lang.Class.forName0(Native Method)
	at java.lang.Class.forName(Class.java:247)
	at com.google.gwt.dev.shell.ModuleSpace.loadClassFromSourceName(ModuleSpace.java:654)
	at com.google.gwt.dev.shell.ModuleSpace.rebindAndCreate(ModuleSpace.java:458)
	at com.google.gwt.dev.shell.GWTBridgeImpl.create(GWTBridgeImpl.java:49)
	at com.google.gwt.core.client.GWT.create(GWT.java:97)
	at org.opevel.client.ListingsEntryPoint.<init>(ListingsEntryPoint.java:39)
	at sun.reflect.NativeConstructorAccessorImpl.newInstance0(Native Method)
	at sun.reflect.NativeConstructorAccessorImpl.newInstance(NativeConstructorAccessorImpl.java:39)
	at sun.reflect.DelegatingConstructorAccessorImpl.newInstance(DelegatingConstructorAccessorImpl.java:27)
	at java.lang.reflect.Constructor.newInstance(Constructor.java:513)
	at com.google.gwt.dev.shell.ModuleSpace.rebindAndCreate(ModuleSpace.java:465)
	at com.google.gwt.dev.shell.ModuleSpace.onLoad(ModuleSpace.java:375)
	at com.google.gwt.dev.shell.OophmSessionHandler.loadModule(OophmSessionHandler.java:183)
	at com.google.gwt.dev.shell.BrowserChannelServer.processConnection(BrowserChannelServer.java:510)
	at com.google.gwt.dev.shell.BrowserChannelServer.run(BrowserChannelServer.java:352)
	at java.lang.Thread.run(Thread.java:619)
[ERROR] Failed to create an instance of 'org.opevel.client.ListingsEntryPoint' via deferred binding 
java.lang.RuntimeException: Deferred binding failed for 'org.opevel.client.ClientFactory' (did you forget to inherit a required module?)
	at com.google.gwt.dev.shell.GWTBridgeImpl.create(GWTBridgeImpl.java:53)
	at com.google.gwt.core.client.GWT.create(GWT.java:97)
	at org.opevel.client.ListingsEntryPoint.<init>(ListingsEntryPoint.java:39)
	at sun.reflect.NativeConstructorAccessorImpl.newInstance0(Native Method)
	at sun.reflect.NativeConstructorAccessorImpl.newInstance(NativeConstructorAccessorImpl.java:39)
	at sun.reflect.DelegatingConstructorAccessorImpl.newInstance(DelegatingConstructorAccessorImpl.java:27)
	at java.lang.reflect.Constructor.newInstance(Constructor.java:513)
	at com.google.gwt.dev.shell.ModuleSpace.rebindAndCreate(ModuleSpace.java:465)
	at com.google.gwt.dev.shell.ModuleSpace.onLoad(ModuleSpace.java:375)
	at com.google.gwt.dev.shell.OophmSessionHandler.loadModule(OophmSessionHandler.java:183)
	at com.google.gwt.dev.shell.BrowserChannelServer.processConnection(BrowserChannelServer.java:510)
	at com.google.gwt.dev.shell.BrowserChannelServer.run(BrowserChannelServer.java:352)
	at java.lang.Thread.run(Thread.java:619)
Caused by: com.google.gwt.core.ext.UnableToCompleteException: (see previous log entries)
	at com.google.gwt.dev.shell.ModuleSpace.rebindAndCreate(ModuleSpace.java:503)
	at com.google.gwt.dev.shell.GWTBridgeImpl.create(GWTBridgeImpl.java:49)
	... 12 more
[ERROR] Unable to load module entry point class org.opevel.client.ListingsEntryPoint (see associated exception for details)
com.google.gwt.core.ext.UnableToCompleteException: (see previous log entries)
	at com.google.gwt.dev.shell.ModuleSpace.rebindAndCreate(ModuleSpace.java:503)
	at com.google.gwt.dev.shell.ModuleSpace.onLoad(ModuleSpace.java:375)
	at com.google.gwt.dev.shell.OophmSessionHandler.loadModule(OophmSessionHandler.java:183)
	at com.google.gwt.dev.shell.BrowserChannelServer.processConnection(BrowserChannelServer.java:510)
	at com.google.gwt.dev.shell.BrowserChannelServer.run(BrowserChannelServer.java:352)
	at java.lang.Thread.run(Thread.java:619)
[ERROR] Failed to load module 'org.opevel.Listings' from user agent 'Mozilla/5.0 (Windows; U; Windows NT 5.2; en-US; rv:1.9.1.16) Gecko/20101130 Firefox/3.5.16' at guideboard:1535
com.google.gwt.core.ext.UnableToCompleteException: (see previous log entries)
	at com.google.gwt.dev.shell.ModuleSpace.onLoad(ModuleSpace.java:434)
	at com.google.gwt.dev.shell.OophmSessionHandler.loadModule(OophmSessionHandler.java:183)
	at com.google.gwt.dev.shell.BrowserChannelServer.processConnection(BrowserChannelServer.java:510)
	at com.google.gwt.dev.shell.BrowserChannelServer.run(BrowserChannelServer.java:352)
	at java.lang.Thread.run(Thread.java:619)


