Validating newly compiled units
   [ERROR] Errors in 'file:/D:/AllData/netBeans_Projects/Listings/src/java/org/opevel/client/ListingsEntryPoint.java'
      [ERROR] Line 53: signupWidget cannot be resolved
Finding entry point classes
   [ERROR] Unable to find type 'org.opevel.client.ListingsEntryPoint'
      [ERROR] Hint: Previous compiler errors may have made this type unavailable
      [ERROR] Hint: Check the inheritance chain from your module; it may not be inheriting a required module or a module may not be adding its source path entries properly
[ERROR] Failed to load module 'org.opevel.Listings' from user agent 'Mozilla/5.0 (Windows; U; Windows NT 5.2; en-US) AppleWebKit/534.13 (KHTML, like Gecko) Chrome/9.0.597.98 Safari/534.13' at tallybill:4160
com.google.gwt.core.ext.UnableToCompleteException: (see previous log entries)
	at com.google.gwt.dev.cfg.ModuleDef.checkForSeedTypes(ModuleDef.java:522)
	at com.google.gwt.dev.cfg.ModuleDef.getCompilationState(ModuleDef.java:301)
	at com.google.gwt.dev.DevModeBase$UiBrowserWidgetHostImpl.createModuleSpaceHost(DevModeBase.java:102)
	at com.google.gwt.dev.shell.OophmSessionHandler.loadModule(OophmSessionHandler.java:180)
	at com.google.gwt.dev.shell.BrowserChannelServer.processConnection(BrowserChannelServer.java:510)
	at com.google.gwt.dev.shell.BrowserChannelServer.run(BrowserChannelServer.java:352)
	at java.lang.Thread.run(Thread.java:619)

[ERROR] Unable to load module entry point class org.opevel.client.ListingsEntryPoint (see associated exception for details)
java.lang.NullPointerException
	at org.opevel.client.presenter.MainSignupPresenter.go(MainSignupPresenter.java:58)
	at org.opevel.client.ListingsEntryPoint.createUI(ListingsEntryPoint.java:73)
	at org.opevel.client.ListingsEntryPoint.onModuleLoad(ListingsEntryPoint.java:57)
	at sun.reflect.NativeMethodAccessorImpl.invoke0(Native Method)
	at sun.reflect.NativeMethodAccessorImpl.invoke(NativeMethodAccessorImpl.java:39)
	at sun.reflect.DelegatingMethodAccessorImpl.invoke(DelegatingMethodAccessorImpl.java:25)
	at java.lang.reflect.Method.invoke(Method.java:597)
	at com.google.gwt.dev.shell.ModuleSpace.onLoad(ModuleSpace.java:396)
	at com.google.gwt.dev.shell.OophmSessionHandler.loadModule(OophmSessionHandler.java:183)
	at com.google.gwt.dev.shell.BrowserChannelServer.processConnection(BrowserChannelServer.java:510)
	at com.google.gwt.dev.shell.BrowserChannelServer.run(BrowserChannelServer.java:352)
	at java.lang.Thread.run(Thread.java:619)
[ERROR] Failed to load module 'org.opevel.Listings' from user agent 'Mozilla/5.0 (Windows; U; Windows NT 5.2; en-US) AppleWebKit/534.13 (KHTML, like Gecko) Chrome/9.0.597.98 Safari/534.13' at tallybill:4225
com.google.gwt.core.ext.UnableToCompleteException: (see previous log entries)
	at com.google.gwt.dev.shell.ModuleSpace.onLoad(ModuleSpace.java:434)
	at com.google.gwt.dev.shell.OophmSessionHandler.loadModule(OophmSessionHandler.java:183)
	at com.google.gwt.dev.shell.BrowserChannelServer.processConnection(BrowserChannelServer.java:510)
	at com.google.gwt.dev.shell.BrowserChannelServer.run(BrowserChannelServer.java:352)
	at java.lang.Thread.run(Thread.java:619)

[ERROR] Uncaught exception escaped
com.google.gwt.event.shared.UmbrellaException: One or more exceptions caught, see full set in UmbrellaException#getCauses
	at com.google.gwt.event.shared.SimpleEventBus.doFire(SimpleEventBus.java:214)
	at com.google.gwt.event.shared.SimpleEventBus.fireEvent(SimpleEventBus.java:103)
	at com.google.gwt.event.shared.HandlerManager.fireEvent(HandlerManager.java:101)
	at com.google.gwt.user.client.ui.Widget.fireEvent(Widget.java:103)
	at com.google.gwt.event.dom.client.DomEvent.fireNativeEvent(DomEvent.java:116)
	at com.google.gwt.user.client.ui.Widget.onBrowserEvent(Widget.java:151)
	at com.google.gwt.user.client.DOM.dispatchEventImpl(DOM.java:1308)
	at com.google.gwt.user.client.DOM.dispatchEvent(DOM.java:1264)
	at sun.reflect.NativeMethodAccessorImpl.invoke0(Native Method)
	at sun.reflect.NativeMethodAccessorImpl.invoke(NativeMethodAccessorImpl.java:39)
	at sun.reflect.DelegatingMethodAccessorImpl.invoke(DelegatingMethodAccessorImpl.java:25)
	at java.lang.reflect.Method.invoke(Method.java:597)
	at com.google.gwt.dev.shell.MethodAdaptor.invoke(MethodAdaptor.java:103)
	at com.google.gwt.dev.shell.MethodDispatch.invoke(MethodDispatch.java:71)
	at com.google.gwt.dev.shell.OophmSessionHandler.invoke(OophmSessionHandler.java:157)
	at com.google.gwt.dev.shell.BrowserChannelServer.reactToMessagesWhileWaitingForReturn(BrowserChannelServer.java:326)
	at com.google.gwt.dev.shell.BrowserChannelServer.invokeJavascript(BrowserChannelServer.java:207)
	at com.google.gwt.dev.shell.ModuleSpaceOOPHM.doInvoke(ModuleSpaceOOPHM.java:126)
	at com.google.gwt.dev.shell.ModuleSpace.invokeNative(ModuleSpace.java:561)
	at com.google.gwt.dev.shell.ModuleSpace.invokeNativeObject(ModuleSpace.java:269)
	at com.google.gwt.dev.shell.JavaScriptHost.invokeNativeObject(JavaScriptHost.java:91)
	at com.google.gwt.core.client.impl.Impl.apply(Impl.java)
	at com.google.gwt.core.client.impl.Impl.entry0(Impl.java:214)
	at sun.reflect.GeneratedMethodAccessor43.invoke(Unknown Source)
	at sun.reflect.DelegatingMethodAccessorImpl.invoke(DelegatingMethodAccessorImpl.java:25)
	at java.lang.reflect.Method.invoke(Method.java:597)
	at com.google.gwt.dev.shell.MethodAdaptor.invoke(MethodAdaptor.java:103)
	at com.google.gwt.dev.shell.MethodDispatch.invoke(MethodDispatch.java:71)
	at com.google.gwt.dev.shell.OophmSessionHandler.invoke(OophmSessionHandler.java:157)
	at com.google.gwt.dev.shell.BrowserChannelServer.reactToMessages(BrowserChannelServer.java:281)
	at com.google.gwt.dev.shell.BrowserChannelServer.processConnection(BrowserChannelServer.java:531)
	at com.google.gwt.dev.shell.BrowserChannelServer.run(BrowserChannelServer.java:352)
	at java.lang.Thread.run(Thread.java:619)
Caused by: java.lang.NullPointerException
	at org.opevel.client.presenter.MainSignupPresenterImpl$1.onClick(MainSignupPresenterImpl.java:66)
	at com.google.gwt.event.dom.client.ClickEvent.dispatch(ClickEvent.java:54)
	at com.google.gwt.event.dom.client.ClickEvent.dispatch(ClickEvent.java:1)
	at com.google.gwt.event.shared.SimpleEventBus.doFire(SimpleEventBus.java:204)
	... 32 more





[ERROR] Uncaught exception escaped
com.google.gwt.event.shared.UmbrellaException: One or more exceptions caught, see full set in UmbrellaException#getCauses
	at com.google.gwt.event.shared.SimpleEventBus.doFire(SimpleEventBus.java:214)
	at com.google.gwt.event.shared.SimpleEventBus.fireEvent(SimpleEventBus.java:103)
	at com.google.gwt.event.shared.HandlerManager.fireEvent(HandlerManager.java:101)
	at com.google.gwt.user.client.Window.fireEvent(Window.java:896)
	at com.google.gwt.user.client.Window.onClosing(Window.java:850)
	at sun.reflect.NativeMethodAccessorImpl.invoke0(Native Method)
	at sun.reflect.NativeMethodAccessorImpl.invoke(NativeMethodAccessorImpl.java:39)
	at sun.reflect.DelegatingMethodAccessorImpl.invoke(DelegatingMethodAccessorImpl.java:25)
	at java.lang.reflect.Method.invoke(Method.java:597)
	at com.google.gwt.dev.shell.MethodAdaptor.invoke(MethodAdaptor.java:103)
	at com.google.gwt.dev.shell.MethodDispatch.invoke(MethodDispatch.java:71)
	at com.google.gwt.dev.shell.OophmSessionHandler.invoke(OophmSessionHandler.java:157)
	at com.google.gwt.dev.shell.BrowserChannelServer.reactToMessagesWhileWaitingForReturn(BrowserChannelServer.java:326)
	at com.google.gwt.dev.shell.BrowserChannelServer.invokeJavascript(BrowserChannelServer.java:207)
	at com.google.gwt.dev.shell.ModuleSpaceOOPHM.doInvoke(ModuleSpaceOOPHM.java:126)
	at com.google.gwt.dev.shell.ModuleSpace.invokeNative(ModuleSpace.java:561)
	at com.google.gwt.dev.shell.ModuleSpace.invokeNativeObject(ModuleSpace.java:269)
	at com.google.gwt.dev.shell.JavaScriptHost.invokeNativeObject(JavaScriptHost.java:91)
	at com.google.gwt.core.client.impl.Impl.apply(Impl.java)
	at com.google.gwt.core.client.impl.Impl.entry0(Impl.java:214)
	at sun.reflect.GeneratedMethodAccessor39.invoke(Unknown Source)
	at sun.reflect.DelegatingMethodAccessorImpl.invoke(DelegatingMethodAccessorImpl.java:25)
	at java.lang.reflect.Method.invoke(Method.java:597)
	at com.google.gwt.dev.shell.MethodAdaptor.invoke(MethodAdaptor.java:103)
	at com.google.gwt.dev.shell.MethodDispatch.invoke(MethodDispatch.java:71)
	at com.google.gwt.dev.shell.OophmSessionHandler.invoke(OophmSessionHandler.java:157)
	at com.google.gwt.dev.shell.BrowserChannelServer.reactToMessages(BrowserChannelServer.java:281)
	at com.google.gwt.dev.shell.BrowserChannelServer.processConnection(BrowserChannelServer.java:531)
	at com.google.gwt.dev.shell.BrowserChannelServer.run(BrowserChannelServer.java:352)
	at java.lang.Thread.run(Thread.java:619)
Caused by: java.lang.NullPointerException
	at com.google.gwt.place.shared.PlaceController.maybeGoTo(PlaceController.java:129)
	at com.google.gwt.place.shared.PlaceController.access$0(PlaceController.java:126)
	at com.google.gwt.place.shared.PlaceController$1.onWindowClosing(PlaceController.java:80)
	at com.google.gwt.user.client.Window$ClosingEvent.dispatch(Window.java:96)
	at com.google.gwt.user.client.Window$ClosingEvent.dispatch(Window.java:1)
	at com.google.gwt.event.shared.SimpleEventBus.doFire(SimpleEventBus.java:204)
	... 29 more

Validating newly compiled units
   [ERROR] Errors in 'file:/D:/AllData/netBeans_Projects/Listings/src/java/org/opevel/client/ClientFactoryImpl.java'
      [ERROR] Line 43: The method getHistoryMapper() of type ClientFactoryImpl must override or implement a supertype method

Validating newly compiled units
   [ERROR] Errors in 'file:/D:/AllData/netBeans_Projects/Listings/src/java/org/opevel/client/MainWidget.java'
      [ERROR] Line 24: The constructor Hyperlink(String) is undefined
Finding entry point classes
   [ERROR] Unable to find type 'org.opevel.client.ListingsEntryPoint'
      [ERROR] Hint: Previous compiler errors may have made this type unavailable
      [ERROR] Hint: Check the inheritance chain from your module; it may not be inheriting a required module or a module may not be adding its source path entries properly
[ERROR] Failed to load module 'org.opevel.Listings' from user agent 'Mozilla/5.0 (Windows; U; Windows NT 5.2; en-US) AppleWebKit/534.13 (KHTML, like Gecko) Chrome/9.0.597.98 Safari/534.13' at tallybill:2748
com.google.gwt.core.ext.UnableToCompleteException: (see previous log entries)
	at com.google.gwt.dev.cfg.ModuleDef.checkForSeedTypes(ModuleDef.java:522)
	at com.google.gwt.dev.cfg.ModuleDef.getCompilationState(ModuleDef.java:301)
	at com.google.gwt.dev.DevModeBase$UiBrowserWidgetHostImpl.createModuleSpaceHost(DevModeBase.java:102)
	at com.google.gwt.dev.shell.OophmSessionHandler.loadModule(OophmSessionHandler.java:180)
	at com.google.gwt.dev.shell.BrowserChannelServer.processConnection(BrowserChannelServer.java:510)
	at com.google.gwt.dev.shell.BrowserChannelServer.run(BrowserChannelServer.java:352)
	at java.lang.Thread.run(Thread.java:619)

[ERROR] Failed to load module 'org.opevel.Listings' from user agent 'Mozilla/5.0 (Windows; U; Windows NT 5.2; en-US) AppleWebKit/534.13 (KHTML, like Gecko) Chrome/9.0.597.98 Safari/534.13' at tallybill:2233
java.lang.OutOfMemoryError: Java heap space
	at org.apache.commons.collections.map.AbstractHashedMap.ensureCapacity(AbstractHashedMap.java:609)
	at org.apache.commons.collections.map.AbstractHashedMap.checkCapacity(AbstractHashedMap.java:589)
	at org.apache.commons.collections.map.AbstractHashedMap.addMapping(AbstractHashedMap.java:494)
	at org.apache.commons.collections.map.AbstractHashedMap.put(AbstractHashedMap.java:282)
	at org.apache.commons.collections.map.AbstractReferenceMap.put(AbstractReferenceMap.java:255)
	at com.google.gwt.core.ext.typeinfo.TypeOracle.getParameterizedType(TypeOracle.java:472)
	at com.google.gwt.dev.javac.asm.ResolveTypeSignature.resolveGeneric(ResolveTypeSignature.java:301)
	at com.google.gwt.dev.javac.asm.ResolveTypeSignature.resolveGenerics(ResolveTypeSignature.java:339)
	at com.google.gwt.dev.javac.asm.ResolveTypeSignature.visitEnd(ResolveTypeSignature.java:155)
	at com.google.gwt.dev.asm.signature.SignatureReader.parseType(SignatureReader.java:188)
	at com.google.gwt.dev.asm.signature.SignatureReader.accept(SignatureReader.java:109)
	at com.google.gwt.dev.javac.TypeOracleMediator.resolveClass(TypeOracleMediator.java:777)
	at com.google.gwt.dev.javac.TypeOracleMediator.access$800(TypeOracleMediator.java:74)
	at com.google.gwt.dev.javac.TypeOracleMediator$1.resolveClass(TypeOracleMediator.java:302)
	at com.google.gwt.dev.javac.asm.ResolveTypeSignature.visitClassType(ResolveTypeSignature.java:140)
	at com.google.gwt.dev.asm.signature.SignatureReader.parseType(SignatureReader.java:201)
	at com.google.gwt.dev.asm.signature.SignatureReader.accept(SignatureReader.java:100)
	at com.google.gwt.dev.javac.TypeOracleMediator.resolveMethod(TypeOracleMediator.java:1017)
	at com.google.gwt.dev.javac.TypeOracleMediator.resolveClass(TypeOracleMediator.java:812)
	at com.google.gwt.dev.javac.TypeOracleMediator.resolveClass(TypeOracleMediator.java:837)
	at com.google.gwt.dev.javac.TypeOracleMediator.resolveClass(TypeOracleMediator.java:742)
	at com.google.gwt.dev.javac.TypeOracleMediator.addNewUnits(TypeOracleMediator.java:385)
	at com.google.gwt.dev.javac.CompilationState.assimilateUnits(CompilationState.java:165)
	at com.google.gwt.dev.javac.CompilationState.<init>(CompilationState.java:82)
	at com.google.gwt.dev.javac.CompilationStateBuilder.doBuildFrom(CompilationStateBuilder.java:392)
	at com.google.gwt.dev.javac.CompilationStateBuilder.buildFrom(CompilationStateBuilder.java:275)
	at com.google.gwt.dev.cfg.ModuleDef.getCompilationState(ModuleDef.java:299)
	at com.google.gwt.dev.DevModeBase$UiBrowserWidgetHostImpl.createModuleSpaceHost(DevModeBase.java:102)
	at com.google.gwt.dev.shell.OophmSessionHandler.loadModule(OophmSessionHandler.java:180)
	at com.google.gwt.dev.shell.BrowserChannelServer.processConnection(BrowserChannelServer.java:510)
	at com.google.gwt.dev.shell.BrowserChannelServer.run(BrowserChannelServer.java:352)
	at java.lang.Thread.run(Thread.java:619)
   [ERROR] Out of memory; to increase the amount of memory, use the -Xmx flag at startup (java -Xmx128M ...)

Validating newly compiled units
   [ERROR] Errors in 'file:/D:/AllData/netBeans_Projects/Listings/src/java/org/opevel/client/MainWidget.java'
      [ERROR] Line 59: Window cannot be resolved
[ERROR] Failed to load module 'org.opevel.Listings' from user agent 'Mozilla/5.0 (Windows; U; Windows NT 5.2; en-US) AppleWebKit/534.13 (KHTML, like Gecko) Chrome/9.0.597.98 Safari/534.13' at tallybill:2987
java.lang.OutOfMemoryError: Java heap space
	at java.util.Arrays.copyOf(Arrays.java:2882)
	at java.lang.AbstractStringBuilder.expandCapacity(AbstractStringBuilder.java:100)
	at java.lang.AbstractStringBuilder.append(AbstractStringBuilder.java:390)
	at java.lang.StringBuilder.append(StringBuilder.java:119)
	at com.google.gwt.dev.javac.TypeOracleMediator.resolveClass(TypeOracleMediator.java:758)
	at com.google.gwt.dev.javac.TypeOracleMediator.resolveClass(TypeOracleMediator.java:837)
	at com.google.gwt.dev.javac.TypeOracleMediator.resolveClass(TypeOracleMediator.java:742)
	at com.google.gwt.dev.javac.TypeOracleMediator.addNewUnits(TypeOracleMediator.java:385)
	at com.google.gwt.dev.javac.CompilationState.assimilateUnits(CompilationState.java:165)
	at com.google.gwt.dev.javac.CompilationState.<init>(CompilationState.java:82)
	at com.google.gwt.dev.javac.CompilationStateBuilder.doBuildFrom(CompilationStateBuilder.java:392)
	at com.google.gwt.dev.javac.CompilationStateBuilder.buildFrom(CompilationStateBuilder.java:275)
	at com.google.gwt.dev.cfg.ModuleDef.getCompilationState(ModuleDef.java:299)
	at com.google.gwt.dev.DevModeBase$UiBrowserWidgetHostImpl.createModuleSpaceHost(DevModeBase.java:102)
	at com.google.gwt.dev.shell.OophmSessionHandler.loadModule(OophmSessionHandler.java:180)
	at com.google.gwt.dev.shell.BrowserChannelServer.processConnection(BrowserChannelServer.java:510)
	at com.google.gwt.dev.shell.BrowserChannelServer.run(BrowserChannelServer.java:352)
	at java.lang.Thread.run(Thread.java:619)
   [ERROR] Out of memory; to increase the amount of memory, use the -Xmx flag at startup (java -Xmx128M ...)

[ERROR] Failed to load module 'org.opevel.Listings' from user agent 'Mozilla/5.0 (Windows; U; Windows NT 5.2; en-US) AppleWebKit/534.13 (KHTML, like Gecko) Chrome/9.0.597.98 Safari/534.13' at tallybill:3307
java.lang.OutOfMemoryError: Java heap space
	at java.util.ArrayList.<init>(ArrayList.java:112)
	at java.util.ArrayList.<init>(ArrayList.java:119)
	at com.google.gwt.dev.javac.asm.ResolveTypeSignature.<init>(ResolveTypeSignature.java:52)
	at com.google.gwt.dev.javac.asm.ResolveTypeSignature.visitTypeArgument(ResolveTypeSignature.java:195)
	at com.google.gwt.dev.asm.signature.SignatureReader.parseType(SignatureReader.java:219)
	at com.google.gwt.dev.asm.signature.SignatureReader.acceptType(SignatureReader.java:129)
	at com.google.gwt.dev.javac.TypeOracleMediator.resolveField(TypeOracleMediator.java:934)
	at com.google.gwt.dev.javac.TypeOracleMediator.resolveClass(TypeOracleMediator.java:822)
	at com.google.gwt.dev.javac.TypeOracleMediator.access$800(TypeOracleMediator.java:74)
	at com.google.gwt.dev.javac.TypeOracleMediator$1.resolveClass(TypeOracleMediator.java:302)
	at com.google.gwt.dev.javac.asm.ResolveTypeSignature.visitClassType(ResolveTypeSignature.java:140)
	at com.google.gwt.dev.asm.signature.SignatureReader.parseType(SignatureReader.java:201)
	at com.google.gwt.dev.asm.signature.SignatureReader.acceptType(SignatureReader.java:129)
	at com.google.gwt.dev.javac.TypeOracleMediator.resolveField(TypeOracleMediator.java:934)
	at com.google.gwt.dev.javac.TypeOracleMediator.resolveClass(TypeOracleMediator.java:822)
	at com.google.gwt.dev.javac.TypeOracleMediator.access$800(TypeOracleMediator.java:74)
	at com.google.gwt.dev.javac.TypeOracleMediator$1.resolveClass(TypeOracleMediator.java:302)
	at com.google.gwt.dev.javac.asm.ResolveTypeSignature.visitClassType(ResolveTypeSignature.java:140)
	at com.google.gwt.dev.asm.signature.SignatureReader.parseType(SignatureReader.java:201)
	at com.google.gwt.dev.asm.signature.SignatureReader.acceptType(SignatureReader.java:129)
	at com.google.gwt.dev.javac.TypeOracleMediator.resolveField(TypeOracleMediator.java:934)
	at com.google.gwt.dev.javac.TypeOracleMediator.resolveClass(TypeOracleMediator.java:822)
	at com.google.gwt.dev.javac.TypeOracleMediator.access$800(TypeOracleMediator.java:74)
	at com.google.gwt.dev.javac.TypeOracleMediator$1.resolveClass(TypeOracleMediator.java:302)
	at com.google.gwt.dev.javac.asm.ResolveTypeSignature.visitClassType(ResolveTypeSignature.java:140)
	at com.google.gwt.dev.asm.signature.SignatureReader.parseType(SignatureReader.java:201)
	at com.google.gwt.dev.asm.signature.SignatureReader.accept(SignatureReader.java:102)
	at com.google.gwt.dev.javac.TypeOracleMediator.resolveMethod(TypeOracleMediator.java:1017)
	at com.google.gwt.dev.javac.TypeOracleMediator.resolveClass(TypeOracleMediator.java:812)
	at com.google.gwt.dev.javac.TypeOracleMediator.resolveClass(TypeOracleMediator.java:837)
	at com.google.gwt.dev.javac.TypeOracleMediator.resolveClass(TypeOracleMediator.java:742)
	at com.google.gwt.dev.javac.TypeOracleMediator.addNewUnits(TypeOracleMediator.java:385)
   [ERROR] Out of memory; to increase the amount of memory, use the -Xmx flag at startup (java -Xmx128M ...)

[ERROR] Failed to load module 'org.opevel.Listings' from user agent 'Mozilla/5.0 (Windows; U; Windows NT 5.2; en-US) AppleWebKit/534.13 (KHTML, like Gecko) Chrome/9.0.597.98 Safari/534.13' at tallybill:3680
java.lang.OutOfMemoryError: Java heap space
	at java.util.Arrays.copyOf(Arrays.java:2760)
	at java.util.Arrays.copyOf(Arrays.java:2734)
	at java.util.ArrayList.ensureCapacity(ArrayList.java:167)
	at java.util.ArrayList.add(ArrayList.java:351)
	at com.google.gwt.dev.util.collect.Lists.add(Lists.java:81)
	at com.google.gwt.core.ext.typeinfo.Members.addMethod(Members.java:105)
	at com.google.gwt.core.ext.typeinfo.JRealClassType.addMethod(JRealClassType.java:420)
	at com.google.gwt.core.ext.typeinfo.JMethod.<init>(JMethod.java:45)
	at com.google.gwt.core.ext.typeinfo.TypeOracleBuilder.newMethod(TypeOracleBuilder.java:103)
	at com.google.gwt.dev.javac.TypeOracleMediator.resolveMethod(TypeOracleMediator.java:990)
	at com.google.gwt.dev.javac.TypeOracleMediator.resolveClass(TypeOracleMediator.java:812)
	at com.google.gwt.dev.javac.TypeOracleMediator.resolveClass(TypeOracleMediator.java:837)
	at com.google.gwt.dev.javac.TypeOracleMediator.resolveClass(TypeOracleMediator.java:785)
	at com.google.gwt.dev.javac.TypeOracleMediator.resolveClass(TypeOracleMediator.java:837)
	at com.google.gwt.dev.javac.TypeOracleMediator.resolveClass(TypeOracleMediator.java:742)
	at com.google.gwt.dev.javac.TypeOracleMediator.addNewUnits(TypeOracleMediator.java:385)
	at com.google.gwt.dev.javac.CompilationState.assimilateUnits(CompilationState.java:165)
	at com.google.gwt.dev.javac.CompilationState.<init>(CompilationState.java:82)
	at com.google.gwt.dev.javac.CompilationStateBuilder.doBuildFrom(CompilationStateBuilder.java:392)
	at com.google.gwt.dev.javac.CompilationStateBuilder.buildFrom(CompilationStateBuilder.java:275)
	at com.google.gwt.dev.cfg.ModuleDef.getCompilationState(ModuleDef.java:299)
	at com.google.gwt.dev.DevModeBase$UiBrowserWidgetHostImpl.createModuleSpaceHost(DevModeBase.java:102)
	at com.google.gwt.dev.shell.OophmSessionHandler.loadModule(OophmSessionHandler.java:180)
	at com.google.gwt.dev.shell.BrowserChannelServer.processConnection(BrowserChannelServer.java:510)
	at com.google.gwt.dev.shell.BrowserChannelServer.run(BrowserChannelServer.java:352)
	at java.lang.Thread.run(Thread.java:619)
   [ERROR] Out of memory; to increase the amount of memory, use the -Xmx flag at startup (java -Xmx128M ...)

[ERROR] Failed to load module 'org.opevel.Listings' from user agent 'Mozilla/5.0 (Windows; U; Windows NT 5.2; en-US) AppleWebKit/534.13 (KHTML, like Gecko) Chrome/9.0.597.98 Safari/534.13' at tallybill:3862
java.lang.OutOfMemoryError: Java heap space
	at com.google.gwt.dev.javac.asm.ResolveTypeSignature.<init>(ResolveTypeSignature.java:52)
	at com.google.gwt.dev.javac.asm.ResolveTypeSignature.<init>(ResolveTypeSignature.java:69)
	at com.google.gwt.dev.javac.asm.ResolveMethodSignature.visitReturnType(ResolveMethodSignature.java:196)
	at com.google.gwt.dev.asm.signature.SignatureReader.accept(SignatureReader.java:102)
	at com.google.gwt.dev.javac.TypeOracleMediator.resolveMethod(TypeOracleMediator.java:1017)
	at com.google.gwt.dev.javac.TypeOracleMediator.resolveClass(TypeOracleMediator.java:812)
	at com.google.gwt.dev.javac.TypeOracleMediator.access$800(TypeOracleMediator.java:74)
	at com.google.gwt.dev.javac.TypeOracleMediator$1.resolveClass(TypeOracleMediator.java:302)
	at com.google.gwt.dev.javac.asm.ResolveTypeSignature.visitClassType(ResolveTypeSignature.java:140)
	at com.google.gwt.dev.asm.signature.SignatureReader.parseType(SignatureReader.java:201)
	at com.google.gwt.dev.asm.signature.SignatureReader.accept(SignatureReader.java:100)
	at com.google.gwt.dev.javac.TypeOracleMediator.resolveMethod(TypeOracleMediator.java:1017)
	at com.google.gwt.dev.javac.TypeOracleMediator.resolveClass(TypeOracleMediator.java:812)
	at com.google.gwt.dev.javac.TypeOracleMediator.access$800(TypeOracleMediator.java:74)
	at com.google.gwt.dev.javac.TypeOracleMediator$1.resolveClass(TypeOracleMediator.java:302)
	at com.google.gwt.dev.javac.asm.ResolveTypeSignature.visitClassType(ResolveTypeSignature.java:140)
	at com.google.gwt.dev.asm.signature.SignatureReader.parseType(SignatureReader.java:201)
	at com.google.gwt.dev.asm.signature.SignatureReader.accept(SignatureReader.java:100)
	at com.google.gwt.dev.javac.TypeOracleMediator.resolveMethod(TypeOracleMediator.java:1017)
	at com.google.gwt.dev.javac.TypeOracleMediator.resolveClass(TypeOracleMediator.java:812)
	at com.google.gwt.dev.javac.TypeOracleMediator.access$800(TypeOracleMediator.java:74)
	at com.google.gwt.dev.javac.TypeOracleMediator$1.resolveClass(TypeOracleMediator.java:302)
	at com.google.gwt.dev.javac.asm.ResolveTypeSignature.visitClassType(ResolveTypeSignature.java:140)
	at com.google.gwt.dev.asm.signature.SignatureReader.parseType(SignatureReader.java:201)
	at com.google.gwt.dev.asm.signature.SignatureReader.accept(SignatureReader.java:109)
	at com.google.gwt.dev.javac.TypeOracleMediator.resolveClass(TypeOracleMediator.java:777)
	at com.google.gwt.dev.javac.TypeOracleMediator.resolveClass(TypeOracleMediator.java:837)
	at com.google.gwt.dev.javac.TypeOracleMediator.resolveClass(TypeOracleMediator.java:742)
	at com.google.gwt.dev.javac.TypeOracleMediator.addNewUnits(TypeOracleMediator.java:385)
	at com.google.gwt.dev.javac.CompilationState.assimilateUnits(CompilationState.java:165)
	at com.google.gwt.dev.javac.CompilationState.<init>(CompilationState.java:82)
	at com.google.gwt.dev.javac.CompilationStateBuilder.doBuildFrom(CompilationStateBuilder.java:392)
   [ERROR] Out of memory; to increase the amount of memory, use the -Xmx flag at startup (java -Xmx128M ...)

[ERROR] Failed to load module 'org.opevel.Listings' from user agent 'Mozilla/5.0 (Windows; U; Windows NT 5.2; en-US) AppleWebKit/534.13 (KHTML, like Gecko) Chrome/9.0.597.98 Safari/534.13' at tallybill:2125
java.lang.OutOfMemoryError: Java heap space
	at java.util.Arrays.copyOf(Arrays.java:2882)
	at java.lang.AbstractStringBuilder.expandCapacity(AbstractStringBuilder.java:100)
	at java.lang.AbstractStringBuilder.append(AbstractStringBuilder.java:390)
	at java.lang.StringBuilder.append(StringBuilder.java:119)
	at com.google.gwt.core.ext.typeinfo.JRealClassType.getQualifiedBinaryName(JRealClassType.java:234)
	at com.google.gwt.dev.javac.MethodArgNamesLookup.lookup(MethodArgNamesLookup.java:59)
	at com.google.gwt.dev.javac.TypeOracleMediator.resolveParameters(TypeOracleMediator.java:1067)
	at com.google.gwt.dev.javac.TypeOracleMediator.resolveMethod(TypeOracleMediator.java:1031)
	at com.google.gwt.dev.javac.TypeOracleMediator.resolveClass(TypeOracleMediator.java:812)
	at com.google.gwt.dev.javac.TypeOracleMediator.resolveClass(TypeOracleMediator.java:837)
	at com.google.gwt.dev.javac.TypeOracleMediator.resolveClass(TypeOracleMediator.java:785)
	at com.google.gwt.dev.javac.TypeOracleMediator.addNewUnits(TypeOracleMediator.java:385)
	at com.google.gwt.dev.javac.CompilationState.assimilateUnits(CompilationState.java:165)
	at com.google.gwt.dev.javac.CompilationState.<init>(CompilationState.java:82)
	at com.google.gwt.dev.javac.CompilationStateBuilder.doBuildFrom(CompilationStateBuilder.java:392)
	at com.google.gwt.dev.javac.CompilationStateBuilder.buildFrom(CompilationStateBuilder.java:275)
	at com.google.gwt.dev.cfg.ModuleDef.getCompilationState(ModuleDef.java:299)
	at com.google.gwt.dev.DevModeBase$UiBrowserWidgetHostImpl.createModuleSpaceHost(DevModeBase.java:102)
	at com.google.gwt.dev.shell.OophmSessionHandler.loadModule(OophmSessionHandler.java:180)
	at com.google.gwt.dev.shell.BrowserChannelServer.processConnection(BrowserChannelServer.java:510)
	at com.google.gwt.dev.shell.BrowserChannelServer.run(BrowserChannelServer.java:352)
	at java.lang.Thread.run(Thread.java:619)
   [ERROR] Out of memory; to increase the amount of memory, use the -Xmx flag at startup (java -Xmx128M ...)

[ERROR] Failed to load module 'org.opevel.Listings' from user agent 'Mozilla/5.0 (Windows; U; Windows NT 5.2; en-US) AppleWebKit/534.13 (KHTML, like Gecko) Chrome/9.0.597.98 Safari/534.13' at tallybill:3813
java.lang.OutOfMemoryError: Java heap space
	at java.util.ArrayList.<init>(ArrayList.java:112)
	at java.util.ArrayList.<init>(ArrayList.java:119)
	at com.google.gwt.dev.javac.asm.ResolveTypeSignature.<init>(ResolveTypeSignature.java:52)
	at com.google.gwt.dev.javac.asm.ResolveTypeSignature.visitTypeArgument(ResolveTypeSignature.java:195)
	at com.google.gwt.dev.asm.signature.SignatureReader.parseType(SignatureReader.java:214)
	at com.google.gwt.dev.asm.signature.SignatureReader.accept(SignatureReader.java:100)
	at com.google.gwt.dev.javac.TypeOracleMediator.resolveMethod(TypeOracleMediator.java:1017)
	at com.google.gwt.dev.javac.TypeOracleMediator.resolveClass(TypeOracleMediator.java:812)
	at com.google.gwt.dev.javac.TypeOracleMediator.addNewUnits(TypeOracleMediator.java:385)
	at com.google.gwt.dev.javac.CompilationState.assimilateUnits(CompilationState.java:165)
	at com.google.gwt.dev.javac.CompilationState.<init>(CompilationState.java:82)
	at com.google.gwt.dev.javac.CompilationStateBuilder.doBuildFrom(CompilationStateBuilder.java:392)
	at com.google.gwt.dev.javac.CompilationStateBuilder.buildFrom(CompilationStateBuilder.java:275)
	at com.google.gwt.dev.cfg.ModuleDef.getCompilationState(ModuleDef.java:299)
	at com.google.gwt.dev.DevModeBase$UiBrowserWidgetHostImpl.createModuleSpaceHost(DevModeBase.java:102)
	at com.google.gwt.dev.shell.OophmSessionHandler.loadModule(OophmSessionHandler.java:180)
	at com.google.gwt.dev.shell.BrowserChannelServer.processConnection(BrowserChannelServer.java:510)
	at com.google.gwt.dev.shell.BrowserChannelServer.run(BrowserChannelServer.java:352)
	at java.lang.Thread.run(Thread.java:619)
   [ERROR] Out of memory; to increase the amount of memory, use the -Xmx flag at startup (java -Xmx128M ...)

[ERROR] Failed to load module 'org.opevel.Listings' from user agent 'Mozilla/5.0 (Windows; U; Windows NT 5.2; en-US) AppleWebKit/534.13 (KHTML, like Gecko) Chrome/9.0.597.98 Safari/534.13' at tallybill:4677
java.lang.OutOfMemoryError: Java heap space
	at com.google.gwt.core.ext.typeinfo.TypeOracleBuilder.newParameter(TypeOracleBuilder.java:110)
	at com.google.gwt.dev.javac.TypeOracleMediator.resolveParameters(TypeOracleMediator.java:1083)
	at com.google.gwt.dev.javac.TypeOracleMediator.resolveMethod(TypeOracleMediator.java:1031)
	at com.google.gwt.dev.javac.TypeOracleMediator.resolveClass(TypeOracleMediator.java:812)
	at com.google.gwt.dev.javac.TypeOracleMediator.addNewUnits(TypeOracleMediator.java:385)
	at com.google.gwt.dev.javac.CompilationState.assimilateUnits(CompilationState.java:165)
	at com.google.gwt.dev.javac.CompilationState.<init>(CompilationState.java:82)
	at com.google.gwt.dev.javac.CompilationStateBuilder.doBuildFrom(CompilationStateBuilder.java:392)
	at com.google.gwt.dev.javac.CompilationStateBuilder.buildFrom(CompilationStateBuilder.java:275)
	at com.google.gwt.dev.cfg.ModuleDef.getCompilationState(ModuleDef.java:299)
	at com.google.gwt.dev.DevModeBase$UiBrowserWidgetHostImpl.createModuleSpaceHost(DevModeBase.java:102)
	at com.google.gwt.dev.shell.OophmSessionHandler.loadModule(OophmSessionHandler.java:180)
	at com.google.gwt.dev.shell.BrowserChannelServer.processConnection(BrowserChannelServer.java:510)
	at com.google.gwt.dev.shell.BrowserChannelServer.run(BrowserChannelServer.java:352)
	at java.lang.Thread.run(Thread.java:619)
   [ERROR] Out of memory; to increase the amount of memory, use the -Xmx flag at startup (java -Xmx128M ...)

[ERROR] Failed to load module 'org.opevel.Listings' from user agent 'Mozilla/5.0 (Windows; U; Windows NT 5.2; en-US) AppleWebKit/534.13 (KHTML, like Gecko) Chrome/9.0.597.98 Safari/534.13' at tallybill:1937
java.lang.OutOfMemoryError: Java heap space
	at java.util.ArrayList.<init>(ArrayList.java:112)
	at java.util.ArrayList.<init>(ArrayList.java:119)
	at com.google.gwt.dev.javac.asm.ResolveMethodSignature.<init>(ResolveMethodSignature.java:54)
	at com.google.gwt.dev.javac.TypeOracleMediator.resolveMethod(TypeOracleMediator.java:1009)
	at com.google.gwt.dev.javac.TypeOracleMediator.resolveClass(TypeOracleMediator.java:812)
	at com.google.gwt.dev.javac.TypeOracleMediator.addNewUnits(TypeOracleMediator.java:385)
	at com.google.gwt.dev.javac.CompilationState.assimilateUnits(CompilationState.java:165)
	at com.google.gwt.dev.javac.CompilationState.<init>(CompilationState.java:82)
	at com.google.gwt.dev.javac.CompilationStateBuilder.doBuildFrom(CompilationStateBuilder.java:392)
	at com.google.gwt.dev.javac.CompilationStateBuilder.buildFrom(CompilationStateBuilder.java:275)
	at com.google.gwt.dev.cfg.ModuleDef.getCompilationState(ModuleDef.java:299)
	at com.google.gwt.dev.DevModeBase$UiBrowserWidgetHostImpl.createModuleSpaceHost(DevModeBase.java:102)
	at com.google.gwt.dev.shell.OophmSessionHandler.loadModule(OophmSessionHandler.java:180)
	at com.google.gwt.dev.shell.BrowserChannelServer.processConnection(BrowserChannelServer.java:510)
	at com.google.gwt.dev.shell.BrowserChannelServer.run(BrowserChannelServer.java:352)
	at java.lang.Thread.run(Thread.java:619)
   [ERROR] Out of memory; to increase the amount of memory, use the -Xmx flag at startup (java -Xmx128M ...)

[ERROR] Failed to load module 'org.opevel.Listings' from user agent 'Mozilla/5.0 (Windows; U; Windows NT 5.2; en-US) AppleWebKit/534.13 (KHTML, like Gecko) Chrome/9.0.597.98 Safari/534.13' at tallybill:3875
java.lang.OutOfMemoryError: Java heap space
	at com.google.gwt.dev.util.collect.HashMap.initTable(HashMap.java:743)
	at com.google.gwt.dev.util.collect.HashMap.ensureSizeFor(HashMap.java:659)
	at com.google.gwt.dev.util.collect.HashMap.put(HashMap.java:520)
	at com.google.gwt.dev.util.collect.Maps.put(Maps.java:87)
	at com.google.gwt.core.ext.typeinfo.Members.addMethod(Members.java:104)
	at com.google.gwt.core.ext.typeinfo.JRealClassType.addMethod(JRealClassType.java:420)
	at com.google.gwt.core.ext.typeinfo.JMethod.<init>(JMethod.java:45)
	at com.google.gwt.core.ext.typeinfo.TypeOracleBuilder.newMethod(TypeOracleBuilder.java:103)
	at com.google.gwt.dev.javac.TypeOracleMediator.resolveMethod(TypeOracleMediator.java:990)
	at com.google.gwt.dev.javac.TypeOracleMediator.resolveClass(TypeOracleMediator.java:812)
	at com.google.gwt.dev.javac.TypeOracleMediator.addNewUnits(TypeOracleMediator.java:385)
	at com.google.gwt.dev.javac.CompilationState.assimilateUnits(CompilationState.java:165)
	at com.google.gwt.dev.javac.CompilationState.<init>(CompilationState.java:82)
	at com.google.gwt.dev.javac.CompilationStateBuilder.doBuildFrom(CompilationStateBuilder.java:392)
	at com.google.gwt.dev.javac.CompilationStateBuilder.buildFrom(CompilationStateBuilder.java:275)
	at com.google.gwt.dev.cfg.ModuleDef.getCompilationState(ModuleDef.java:299)
	at com.google.gwt.dev.DevModeBase$UiBrowserWidgetHostImpl.createModuleSpaceHost(DevModeBase.java:102)
	at com.google.gwt.dev.shell.OophmSessionHandler.loadModule(OophmSessionHandler.java:180)
	at com.google.gwt.dev.shell.BrowserChannelServer.processConnection(BrowserChannelServer.java:510)
	at com.google.gwt.dev.shell.BrowserChannelServer.run(BrowserChannelServer.java:352)
	at java.lang.Thread.run(Thread.java:619)
   [ERROR] Out of memory; to increase the amount of memory, use the -Xmx flag at startup (java -Xmx128M ...)

[ERROR] Failed to load module 'org.opevel.Listings' from user agent 'Mozilla/5.0 (Windows; U; Windows NT 5.2; en-US) AppleWebKit/534.13 (KHTML, like Gecko) Chrome/9.0.597.98 Safari/534.13' at tallybill:3985
java.lang.OutOfMemoryError: Java heap space
	at java.util.Arrays.copyOfRange(Arrays.java:3209)
	at java.lang.String.<init>(String.java:216)
	at com.google.gwt.dev.asm.Type.getInternalName(Type.java:467)
	at com.google.gwt.dev.javac.TypeOracleMediator.resolveObject(TypeOracleMediator.java:1047)
	at com.google.gwt.dev.javac.TypeOracleMediator.resolveType(TypeOracleMediator.java:1130)
	at com.google.gwt.dev.javac.TypeOracleMediator.resolveArray(TypeOracleMediator.java:725)
	at com.google.gwt.dev.javac.TypeOracleMediator.resolveType(TypeOracleMediator.java:1128)
	at com.google.gwt.dev.javac.TypeOracleMediator.resolveMethod(TypeOracleMediator.java:1024)
	at com.google.gwt.dev.javac.TypeOracleMediator.resolveClass(TypeOracleMediator.java:812)
	at com.google.gwt.dev.javac.TypeOracleMediator.addNewUnits(TypeOracleMediator.java:385)
	at com.google.gwt.dev.javac.CompilationState.assimilateUnits(CompilationState.java:165)
	at com.google.gwt.dev.javac.CompilationState.<init>(CompilationState.java:82)
	at com.google.gwt.dev.javac.CompilationStateBuilder.doBuildFrom(CompilationStateBuilder.java:392)
	at com.google.gwt.dev.javac.CompilationStateBuilder.buildFrom(CompilationStateBuilder.java:275)
	at com.google.gwt.dev.cfg.ModuleDef.getCompilationState(ModuleDef.java:299)
	at com.google.gwt.dev.DevModeBase$UiBrowserWidgetHostImpl.createModuleSpaceHost(DevModeBase.java:102)
	at com.google.gwt.dev.shell.OophmSessionHandler.loadModule(OophmSessionHandler.java:180)
	at com.google.gwt.dev.shell.BrowserChannelServer.processConnection(BrowserChannelServer.java:510)
	at com.google.gwt.dev.shell.BrowserChannelServer.run(BrowserChannelServer.java:352)
	at java.lang.Thread.run(Thread.java:619)
   [ERROR] Out of memory; to increase the amount of memory, use the -Xmx flag at startup (java -Xmx128M ...)

[ERROR] Failed to load module 'org.opevel.Listings' from user agent 'Mozilla/5.0 (Windows; U; Windows NT 5.2; en-US) AppleWebKit/534.13 (KHTML, like Gecko) Chrome/9.0.597.98 Safari/534.13' at tallybill:4127
java.lang.OutOfMemoryError: Java heap space
	at java.util.HashMap.<init>(HashMap.java:209)
	at com.google.gwt.dev.javac.TypeOracleMediator.resolveMethod(TypeOracleMediator.java:954)
	at com.google.gwt.dev.javac.TypeOracleMediator.resolveClass(TypeOracleMediator.java:812)
	at com.google.gwt.dev.javac.TypeOracleMediator.resolveClass(TypeOracleMediator.java:837)
	at com.google.gwt.dev.javac.TypeOracleMediator.resolveClass(TypeOracleMediator.java:742)
	at com.google.gwt.dev.javac.TypeOracleMediator.addNewUnits(TypeOracleMediator.java:385)
	at com.google.gwt.dev.javac.CompilationState.assimilateUnits(CompilationState.java:165)
	at com.google.gwt.dev.javac.CompilationState.<init>(CompilationState.java:82)
	at com.google.gwt.dev.javac.CompilationStateBuilder.doBuildFrom(CompilationStateBuilder.java:392)
	at com.google.gwt.dev.javac.CompilationStateBuilder.buildFrom(CompilationStateBuilder.java:275)
	at com.google.gwt.dev.cfg.ModuleDef.getCompilationState(ModuleDef.java:299)
	at com.google.gwt.dev.DevModeBase$UiBrowserWidgetHostImpl.createModuleSpaceHost(DevModeBase.java:102)
	at com.google.gwt.dev.shell.OophmSessionHandler.loadModule(OophmSessionHandler.java:180)
	at com.google.gwt.dev.shell.BrowserChannelServer.processConnection(BrowserChannelServer.java:510)
	at com.google.gwt.dev.shell.BrowserChannelServer.run(BrowserChannelServer.java:352)
	at java.lang.Thread.run(Thread.java:619)
   [ERROR] Out of memory; to increase the amount of memory, use the -Xmx flag at startup (java -Xmx128M ...)

[ERROR] Failed to load module 'org.opevel.Listings' from user agent 'Mozilla/5.0 (Windows; U; Windows NT 5.2; en-US) AppleWebKit/534.13 (KHTML, like Gecko) Chrome/9.0.597.98 Safari/534.13' at tallybill:4212
java.lang.OutOfMemoryError: Java heap space
	at java.util.Arrays.copyOfRange(Arrays.java:3209)
	at java.lang.String.<init>(String.java:216)
	at com.google.gwt.dev.asm.Type.getInternalName(Type.java:467)
	at com.google.gwt.dev.javac.TypeOracleMediator.resolveObject(TypeOracleMediator.java:1047)
	at com.google.gwt.dev.javac.TypeOracleMediator.resolveType(TypeOracleMediator.java:1130)
	at com.google.gwt.dev.javac.TypeOracleMediator.resolveMethod(TypeOracleMediator.java:1024)
	at com.google.gwt.dev.javac.TypeOracleMediator.resolveClass(TypeOracleMediator.java:812)
	at com.google.gwt.dev.javac.TypeOracleMediator.addNewUnits(TypeOracleMediator.java:385)
	at com.google.gwt.dev.javac.CompilationState.assimilateUnits(CompilationState.java:165)
	at com.google.gwt.dev.javac.CompilationState.<init>(CompilationState.java:82)
	at com.google.gwt.dev.javac.CompilationStateBuilder.doBuildFrom(CompilationStateBuilder.java:392)
	at com.google.gwt.dev.javac.CompilationStateBuilder.buildFrom(CompilationStateBuilder.java:275)
	at com.google.gwt.dev.cfg.ModuleDef.getCompilationState(ModuleDef.java:299)
	at com.google.gwt.dev.DevModeBase$UiBrowserWidgetHostImpl.createModuleSpaceHost(DevModeBase.java:102)
	at com.google.gwt.dev.shell.OophmSessionHandler.loadModule(OophmSessionHandler.java:180)
	at com.google.gwt.dev.shell.BrowserChannelServer.processConnection(BrowserChannelServer.java:510)
	at com.google.gwt.dev.shell.BrowserChannelServer.run(BrowserChannelServer.java:352)
	at java.lang.Thread.run(Thread.java:619)
   [ERROR] Out of memory; to increase the amount of memory, use the -Xmx flag at startup (java -Xmx128M ...)

[ERROR] Failed to load module 'org.opevel.Listings' from user agent 'Mozilla/5.0 (Windows; U; Windows NT 5.2; en-US) AppleWebKit/534.13 (KHTML, like Gecko) Chrome/9.0.597.98 Safari/534.13' at tallybill:4278
java.lang.OutOfMemoryError: Java heap space
	at java.util.Arrays.copyOf(Arrays.java:2882)
	at java.lang.AbstractStringBuilder.expandCapacity(AbstractStringBuilder.java:100)
	at java.lang.AbstractStringBuilder.append(AbstractStringBuilder.java:390)
	at java.lang.StringBuilder.append(StringBuilder.java:119)
	at com.google.gwt.dev.javac.MethodArgNamesLookup.lookup(MethodArgNamesLookup.java:61)
	at com.google.gwt.dev.javac.TypeOracleMediator.resolveParameters(TypeOracleMediator.java:1067)
	at com.google.gwt.dev.javac.TypeOracleMediator.resolveMethod(TypeOracleMediator.java:1031)
	at com.google.gwt.dev.javac.TypeOracleMediator.resolveClass(TypeOracleMediator.java:812)
	at com.google.gwt.dev.javac.TypeOracleMediator.addNewUnits(TypeOracleMediator.java:385)
	at com.google.gwt.dev.javac.CompilationState.assimilateUnits(CompilationState.java:165)
	at com.google.gwt.dev.javac.CompilationState.<init>(CompilationState.java:82)
	at com.google.gwt.dev.javac.CompilationStateBuilder.doBuildFrom(CompilationStateBuilder.java:392)
	at com.google.gwt.dev.javac.CompilationStateBuilder.buildFrom(CompilationStateBuilder.java:275)
	at com.google.gwt.dev.cfg.ModuleDef.getCompilationState(ModuleDef.java:299)
	at com.google.gwt.dev.DevModeBase$UiBrowserWidgetHostImpl.createModuleSpaceHost(DevModeBase.java:102)
	at com.google.gwt.dev.shell.OophmSessionHandler.loadModule(OophmSessionHandler.java:180)
	at com.google.gwt.dev.shell.BrowserChannelServer.processConnection(BrowserChannelServer.java:510)
	at com.google.gwt.dev.shell.BrowserChannelServer.run(BrowserChannelServer.java:352)
	at java.lang.Thread.run(Thread.java:619)
   [ERROR] Out of memory; to increase the amount of memory, use the -Xmx flag at startup (java -Xmx128M ...)

[ERROR] Failed to load module 'org.opevel.Listings' from user agent 'Mozilla/5.0 (Windows; U; Windows NT 5.2; en-US) AppleWebKit/534.13 (KHTML, like Gecko) Chrome/9.0.597.98 Safari/534.13' at tallybill:4347
java.lang.OutOfMemoryError: Java heap space
	at java.util.Arrays.copyOfRange(Arrays.java:3209)
	at java.lang.String.<init>(String.java:216)
	at com.google.gwt.dev.asm.Type.getInternalName(Type.java:467)
	at com.google.gwt.dev.javac.TypeOracleMediator.resolveObject(TypeOracleMediator.java:1047)
	at com.google.gwt.dev.javac.TypeOracleMediator.resolveType(TypeOracleMediator.java:1130)
	at com.google.gwt.dev.javac.TypeOracleMediator.resolveField(TypeOracleMediator.java:943)
	at com.google.gwt.dev.javac.TypeOracleMediator.resolveClass(TypeOracleMediator.java:822)
	at com.google.gwt.dev.javac.TypeOracleMediator.addNewUnits(TypeOracleMediator.java:385)
	at com.google.gwt.dev.javac.CompilationState.assimilateUnits(CompilationState.java:165)
	at com.google.gwt.dev.javac.CompilationState.<init>(CompilationState.java:82)
	at com.google.gwt.dev.javac.CompilationStateBuilder.doBuildFrom(CompilationStateBuilder.java:392)
	at com.google.gwt.dev.javac.CompilationStateBuilder.buildFrom(CompilationStateBuilder.java:275)
	at com.google.gwt.dev.cfg.ModuleDef.getCompilationState(ModuleDef.java:299)
	at com.google.gwt.dev.DevModeBase$UiBrowserWidgetHostImpl.createModuleSpaceHost(DevModeBase.java:102)
	at com.google.gwt.dev.shell.OophmSessionHandler.loadModule(OophmSessionHandler.java:180)
	at com.google.gwt.dev.shell.BrowserChannelServer.processConnection(BrowserChannelServer.java:510)
	at com.google.gwt.dev.shell.BrowserChannelServer.run(BrowserChannelServer.java:352)
	at java.lang.Thread.run(Thread.java:619)
   [ERROR] Out of memory; to increase the amount of memory, use the -Xmx flag at startup (java -Xmx128M ...)

[ERROR] Failed to load module 'org.opevel.Listings' from user agent 'Mozilla/5.0 (Windows; U; Windows NT 5.2; en-US) AppleWebKit/534.13 (KHTML, like Gecko) Chrome/9.0.597.98 Safari/534.13' at tallybill:2069
java.lang.OutOfMemoryError: Java heap space
	at java.util.HashMap.<init>(HashMap.java:209)
	at com.google.gwt.dev.javac.TypeOracleMediator.resolveMethod(TypeOracleMediator.java:954)
	at com.google.gwt.dev.javac.TypeOracleMediator.resolveClass(TypeOracleMediator.java:812)
	at com.google.gwt.dev.javac.TypeOracleMediator.addNewUnits(TypeOracleMediator.java:385)
	at com.google.gwt.dev.javac.CompilationState.assimilateUnits(CompilationState.java:165)
	at com.google.gwt.dev.javac.CompilationState.<init>(CompilationState.java:82)
	at com.google.gwt.dev.javac.CompilationStateBuilder.doBuildFrom(CompilationStateBuilder.java:392)
	at com.google.gwt.dev.javac.CompilationStateBuilder.buildFrom(CompilationStateBuilder.java:275)
	at com.google.gwt.dev.cfg.ModuleDef.getCompilationState(ModuleDef.java:299)
	at com.google.gwt.dev.DevModeBase$UiBrowserWidgetHostImpl.createModuleSpaceHost(DevModeBase.java:102)
	at com.google.gwt.dev.shell.OophmSessionHandler.loadModule(OophmSessionHandler.java:180)
	at com.google.gwt.dev.shell.BrowserChannelServer.processConnection(BrowserChannelServer.java:510)
	at com.google.gwt.dev.shell.BrowserChannelServer.run(BrowserChannelServer.java:352)
	at java.lang.Thread.run(Thread.java:619)
   [ERROR] Out of memory; to increase the amount of memory, use the -Xmx flag at startup (java -Xmx128M ...)

[ERROR] Failed to load module 'org.opevel.Listings' from user agent 'Mozilla/5.0 (Windows; U; Windows NT 5.2; en-US) AppleWebKit/534.13 (KHTML, like Gecko) Chrome/9.0.597.98 Safari/534.13' at tallybill:2534
java.lang.OutOfMemoryError: Java heap space
   [ERROR] Out of memory; to increase the amount of memory, use the -Xmx flag at startup (java -Xmx128M ...)

[ERROR] Failed to load module 'org.opevel.Listings' from user agent 'Mozilla/5.0 (Windows; U; Windows NT 5.2; en-US) AppleWebKit/534.13 (KHTML, like Gecko) Chrome/9.0.597.98 Safari/534.13' at tallybill:2775
java.lang.OutOfMemoryError: Java heap space
	at java.util.Arrays.copyOfRange(Arrays.java:3209)
	at java.lang.String.<init>(String.java:216)
	at com.google.gwt.dev.asm.Type.getInternalName(Type.java:467)
	at com.google.gwt.dev.javac.TypeOracleMediator.resolveObject(TypeOracleMediator.java:1047)
	at com.google.gwt.dev.javac.TypeOracleMediator.resolveType(TypeOracleMediator.java:1130)
	at com.google.gwt.dev.javac.TypeOracleMediator.resolveMethod(TypeOracleMediator.java:1024)
	at com.google.gwt.dev.javac.TypeOracleMediator.resolveClass(TypeOracleMediator.java:812)
	at com.google.gwt.dev.javac.TypeOracleMediator.resolveClass(TypeOracleMediator.java:837)
	at com.google.gwt.dev.javac.TypeOracleMediator.resolveClass(TypeOracleMediator.java:785)
	at com.google.gwt.dev.javac.TypeOracleMediator.addNewUnits(TypeOracleMediator.java:385)
	at com.google.gwt.dev.javac.CompilationState.assimilateUnits(CompilationState.java:165)
	at com.google.gwt.dev.javac.CompilationState.<init>(CompilationState.java:82)
	at com.google.gwt.dev.javac.CompilationStateBuilder.doBuildFrom(CompilationStateBuilder.java:392)
	at com.google.gwt.dev.javac.CompilationStateBuilder.buildFrom(CompilationStateBuilder.java:275)
	at com.google.gwt.dev.cfg.ModuleDef.getCompilationState(ModuleDef.java:299)
	at com.google.gwt.dev.DevModeBase$UiBrowserWidgetHostImpl.createModuleSpaceHost(DevModeBase.java:102)
	at com.google.gwt.dev.shell.OophmSessionHandler.loadModule(OophmSessionHandler.java:180)
	at com.google.gwt.dev.shell.BrowserChannelServer.processConnection(BrowserChannelServer.java:510)
	at com.google.gwt.dev.shell.BrowserChannelServer.run(BrowserChannelServer.java:352)
	at java.lang.Thread.run(Thread.java:619)
   [ERROR] Out of memory; to increase the amount of memory, use the -Xmx flag at startup (java -Xmx128M ...)

[ERROR] Failed to load module 'org.opevel.Listings' from user agent 'Mozilla/5.0 (Windows; U; Windows NT 5.2; en-US) AppleWebKit/534.13 (KHTML, like Gecko) Chrome/9.0.597.98 Safari/534.13' at tallybill:2981
java.lang.OutOfMemoryError: Java heap space
   [ERROR] Out of memory; to increase the amount of memory, use the -Xmx flag at startup (java -Xmx128M ...)

[ERROR] Failed to load module 'org.opevel.Listings' from user agent 'Mozilla/5.0 (Windows; U; Windows NT 5.2; en-US) AppleWebKit/534.13 (KHTML, like Gecko) Chrome/9.0.597.98 Safari/534.13' at tallybill:1251
java.lang.OutOfMemoryError: Java heap space
	at com.google.gwt.dev.javac.asm.CollectMethodData.<init>(CollectMethodData.java:85)
	at com.google.gwt.dev.javac.asm.CollectClassData.visitMethod(CollectClassData.java:381)
	at com.google.gwt.dev.asm.ClassReader.accept(ClassReader.java:774)
	at com.google.gwt.dev.asm.ClassReader.accept(ClassReader.java:420)
	at com.google.gwt.dev.javac.TypeOracleMediator.processClass(TypeOracleMediator.java:595)
	at com.google.gwt.dev.javac.TypeOracleMediator.addNewUnits(TypeOracleMediator.java:332)
	at com.google.gwt.dev.javac.CompilationState.assimilateUnits(CompilationState.java:165)
	at com.google.gwt.dev.javac.CompilationState.<init>(CompilationState.java:82)
	at com.google.gwt.dev.javac.CompilationStateBuilder.doBuildFrom(CompilationStateBuilder.java:392)
	at com.google.gwt.dev.javac.CompilationStateBuilder.buildFrom(CompilationStateBuilder.java:275)
	at com.google.gwt.dev.cfg.ModuleDef.getCompilationState(ModuleDef.java:299)
	at com.google.gwt.dev.DevModeBase$UiBrowserWidgetHostImpl.createModuleSpaceHost(DevModeBase.java:102)
	at com.google.gwt.dev.shell.OophmSessionHandler.loadModule(OophmSessionHandler.java:180)
	at com.google.gwt.dev.shell.BrowserChannelServer.processConnection(BrowserChannelServer.java:510)
	at com.google.gwt.dev.shell.BrowserChannelServer.run(BrowserChannelServer.java:352)
	at java.lang.Thread.run(Thread.java:619)
   [ERROR] Out of memory; to increase the amount of memory, use the -Xmx flag at startup (java -Xmx128M ...)

[ERROR] Failed to load module 'org.opevel.Listings' from user agent 'Mozilla/5.0 (Windows; U; Windows NT 5.2; en-US) AppleWebKit/534.13 (KHTML, like Gecko) Chrome/9.0.597.98 Safari/534.13' at tallybill:3011
java.lang.OutOfMemoryError: Java heap space
	at com.google.gwt.dev.util.DiskCache.readByteArray(DiskCache.java:96)
	at com.google.gwt.dev.javac.CompiledClass.getBytes(CompiledClass.java:79)
	at com.google.gwt.dev.javac.TypeOracleMediator.processClass(TypeOracleMediator.java:588)
	at com.google.gwt.dev.javac.TypeOracleMediator.addNewUnits(TypeOracleMediator.java:332)
	at com.google.gwt.dev.javac.CompilationState.assimilateUnits(CompilationState.java:165)
	at com.google.gwt.dev.javac.CompilationState.<init>(CompilationState.java:82)
	at com.google.gwt.dev.javac.CompilationStateBuilder.doBuildFrom(CompilationStateBuilder.java:392)
	at com.google.gwt.dev.javac.CompilationStateBuilder.buildFrom(CompilationStateBuilder.java:275)
	at com.google.gwt.dev.cfg.ModuleDef.getCompilationState(ModuleDef.java:299)
	at com.google.gwt.dev.DevModeBase$UiBrowserWidgetHostImpl.createModuleSpaceHost(DevModeBase.java:102)
	at com.google.gwt.dev.shell.OophmSessionHandler.loadModule(OophmSessionHandler.java:180)
	at com.google.gwt.dev.shell.BrowserChannelServer.processConnection(BrowserChannelServer.java:510)
	at com.google.gwt.dev.shell.BrowserChannelServer.run(BrowserChannelServer.java:352)
	at java.lang.Thread.run(Thread.java:619)
   [ERROR] Out of memory; to increase the amount of memory, use the -Xmx flag at startup (java -Xmx128M ...)

[ERROR] Failed to load module 'org.opevel.Listings' from user agent 'Mozilla/5.0 (Windows; U; Windows NT 5.2; en-US) AppleWebKit/534.13 (KHTML, like Gecko) Chrome/9.0.597.98 Safari/534.13' at tallybill:4988
java.lang.OutOfMemoryError: Java heap space
	at java.util.Arrays.copyOfRange(Arrays.java:3209)
	at java.lang.String.<init>(String.java:216)
	at com.google.gwt.dev.asm.ClassReader.readUTF(ClassReader.java:1958)
	at com.google.gwt.dev.asm.ClassReader.readUTF8(ClassReader.java:1912)
	at com.google.gwt.dev.asm.ClassReader.accept(ClassReader.java:1430)
	at com.google.gwt.dev.asm.ClassReader.accept(ClassReader.java:420)
	at com.google.gwt.dev.javac.TypeOracleMediator.processClass(TypeOracleMediator.java:595)
	at com.google.gwt.dev.javac.TypeOracleMediator.addNewUnits(TypeOracleMediator.java:332)
	at com.google.gwt.dev.javac.CompilationState.assimilateUnits(CompilationState.java:165)
	at com.google.gwt.dev.javac.CompilationState.<init>(CompilationState.java:82)
	at com.google.gwt.dev.javac.CompilationStateBuilder.doBuildFrom(CompilationStateBuilder.java:392)
	at com.google.gwt.dev.javac.CompilationStateBuilder.buildFrom(CompilationStateBuilder.java:275)
	at com.google.gwt.dev.cfg.ModuleDef.getCompilationState(ModuleDef.java:299)
	at com.google.gwt.dev.DevModeBase$UiBrowserWidgetHostImpl.createModuleSpaceHost(DevModeBase.java:102)
	at com.google.gwt.dev.shell.OophmSessionHandler.loadModule(OophmSessionHandler.java:180)
	at com.google.gwt.dev.shell.BrowserChannelServer.processConnection(BrowserChannelServer.java:510)
	at com.google.gwt.dev.shell.BrowserChannelServer.run(BrowserChannelServer.java:352)
	at java.lang.Thread.run(Thread.java:619)
   [ERROR] Out of memory; to increase the amount of memory, use the -Xmx flag at startup (java -Xmx128M ...)

[ERROR] Failed to load module 'org.opevel.Listings' from user agent 'Mozilla/5.0 (Windows; U; Windows NT 5.2; en-US) AppleWebKit/534.13 (KHTML, like Gecko) Chrome/9.0.597.98 Safari/534.13' at tallybill:1774
java.lang.OutOfMemoryError: Java heap space
	at java.util.LinkedHashMap.createEntry(LinkedHashMap.java:424)
	at java.util.LinkedHashMap.addEntry(LinkedHashMap.java:406)
	at java.util.HashMap.put(HashMap.java:385)
	at java.util.HashSet.add(HashSet.java:200)
	at java.util.AbstractCollection.addAll(AbstractCollection.java:305)
	at com.google.gwt.core.ext.typeinfo.JClassType.getFlattenedSuperTypeHierarchyRecursive(JClassType.java:331)
	at com.google.gwt.core.ext.typeinfo.JClassType.getFlattenedSuperTypeHierarchy(JClassType.java:46)
	at com.google.gwt.core.ext.typeinfo.JClassType.areClassTypesAssignable(JClassType.java:91)
	at com.google.gwt.core.ext.typeinfo.JClassType.isAssignableFrom(JClassType.java:554)
	at com.google.gwt.core.ext.typeinfo.TypeOracle.computeSingleJsoImplData(TypeOracle.java:673)
	at com.google.gwt.core.ext.typeinfo.TypeOracle.finish(TypeOracle.java:646)
	at com.google.gwt.core.ext.typeinfo.TypeOracleBuilder.finish(TypeOracleBuilder.java:62)
	at com.google.gwt.dev.javac.TypeOracleMediator.addNewUnits(TypeOracleMediator.java:393)
	at com.google.gwt.dev.javac.CompilationState.assimilateUnits(CompilationState.java:165)
	at com.google.gwt.dev.javac.CompilationState.<init>(CompilationState.java:82)
	at com.google.gwt.dev.javac.CompilationStateBuilder.doBuildFrom(CompilationStateBuilder.java:392)
	at com.google.gwt.dev.javac.CompilationStateBuilder.buildFrom(CompilationStateBuilder.java:275)
	at com.google.gwt.dev.cfg.ModuleDef.getCompilationState(ModuleDef.java:299)
	at com.google.gwt.dev.DevModeBase$UiBrowserWidgetHostImpl.createModuleSpaceHost(DevModeBase.java:102)
	at com.google.gwt.dev.shell.OophmSessionHandler.loadModule(OophmSessionHandler.java:180)
	at com.google.gwt.dev.shell.BrowserChannelServer.processConnection(BrowserChannelServer.java:510)
	at com.google.gwt.dev.shell.BrowserChannelServer.run(BrowserChannelServer.java:352)
	at java.lang.Thread.run(Thread.java:619)
   [ERROR] Out of memory; to increase the amount of memory, use the -Xmx flag at startup (java -Xmx128M ...)

[ERROR] Failed to load module 'org.opevel.Listings' from user agent 'Mozilla/5.0 (Windows; U; Windows NT 5.2; en-US) AppleWebKit/534.13 (KHTML, like Gecko) Chrome/9.0.597.98 Safari/534.13' at tallybill:1681
java.lang.OutOfMemoryError: Java heap space
	at java.util.LinkedHashMap.createEntry(LinkedHashMap.java:424)
	at java.util.LinkedHashMap.addEntry(LinkedHashMap.java:406)
	at java.util.HashMap.put(HashMap.java:385)
	at java.util.HashSet.add(HashSet.java:200)
	at java.util.AbstractCollection.addAll(AbstractCollection.java:305)
	at com.google.gwt.core.ext.typeinfo.JClassType.getFlattenedSuperTypeHierarchyRecursive(JClassType.java:331)
	at com.google.gwt.core.ext.typeinfo.JClassType.getFlattenedSuperTypeHierarchy(JClassType.java:46)
	at com.google.gwt.core.ext.typeinfo.JClassType.areClassTypesAssignable(JClassType.java:91)
	at com.google.gwt.core.ext.typeinfo.JClassType.isAssignableFrom(JClassType.java:554)
	at com.google.gwt.core.ext.typeinfo.TypeOracle.computeSingleJsoImplData(TypeOracle.java:673)
	at com.google.gwt.core.ext.typeinfo.TypeOracle.finish(TypeOracle.java:646)
	at com.google.gwt.core.ext.typeinfo.TypeOracleBuilder.finish(TypeOracleBuilder.java:62)
	at com.google.gwt.dev.javac.TypeOracleMediator.addNewUnits(TypeOracleMediator.java:393)
	at com.google.gwt.dev.javac.CompilationState.assimilateUnits(CompilationState.java:165)
	at com.google.gwt.dev.javac.CompilationState.<init>(CompilationState.java:82)
	at com.google.gwt.dev.javac.CompilationStateBuilder.doBuildFrom(CompilationStateBuilder.java:392)
	at com.google.gwt.dev.javac.CompilationStateBuilder.buildFrom(CompilationStateBuilder.java:275)
	at com.google.gwt.dev.cfg.ModuleDef.getCompilationState(ModuleDef.java:299)
	at com.google.gwt.dev.DevModeBase$UiBrowserWidgetHostImpl.createModuleSpaceHost(DevModeBase.java:102)
	at com.google.gwt.dev.shell.OophmSessionHandler.loadModule(OophmSessionHandler.java:180)
	at com.google.gwt.dev.shell.BrowserChannelServer.processConnection(BrowserChannelServer.java:510)
	at com.google.gwt.dev.shell.BrowserChannelServer.run(BrowserChannelServer.java:352)
	at java.lang.Thread.run(Thread.java:619)
   [ERROR] Out of memory; to increase the amount of memory, use the -Xmx flag at startup (java -Xmx128M ...)

[ERROR] Failed to load module 'org.opevel.Listings' from user agent 'Mozilla/5.0 (Windows; U; Windows NT 5.2; en-US) AppleWebKit/534.13 (KHTML, like Gecko) Chrome/9.0.597.98 Safari/534.13' at tallybill:1898
java.lang.OutOfMemoryError: Java heap space
   [ERROR] Out of memory; to increase the amount of memory, use the -Xmx flag at startup (java -Xmx128M ...)
