[ERROR] Failed to load module 'org.opevel.Listings' from user agent 'Mozilla/5.0 (Windows; U; Windows NT 5.2; en-US; rv:1.9.1.16) Gecko/20101130 Firefox/3.5.16' at guideboard:4507
java.lang.OutOfMemoryError: Java heap space
	at java.util.LinkedHashMap.newKeyIterator(LinkedHashMap.java:396)
	at java.util.HashMap$KeySet.iterator(HashMap.java:874)
	at java.util.HashSet.iterator(HashSet.java:153)
	at com.google.gwt.core.ext.typeinfo.JClassType.areClassTypesAssignable(JClassType.java:92)
	at com.google.gwt.core.ext.typeinfo.JClassType.isAssignableFrom(JClassType.java:554)
	at com.google.gwt.core.ext.typeinfo.TypeOracle.computeSingleJsoImplData(TypeOracle.java:673)
	at com.google.gwt.core.ext.typeinfo.TypeOracle.finish(TypeOracle.java:646)
	at com.google.gwt.core.ext.typeinfo.TypeOracleBuilder.finish(TypeOracleBuilder.java:62)
	at com.google.gwt.dev.javac.TypeOracleMediator.addNewUnits(TypeOracleMediator.java:393)
	at com.google.gwt.dev.javac.CompilationState.assimilateUnits(CompilationState.java:165)
	at com.google.gwt.dev.javac.CompilationState.<init>(CompilationState.java:82)
	at com.google.gwt.dev.javac.CompilationStateBuilder.doBuildFrom(CompilationStateBuilder.java:392)
	at com.google.gwt.dev.javac.CompilationStateBuilder.buildFrom(CompilationStateBuilder.java:275)
	at com.google.gwt.dev.cfg.ModuleDef.getCompilationState(ModuleDef.java:299)
	at com.google.gwt.dev.DevModeBase$UiBrowserWidgetHostImpl.createModuleSpaceHost(DevModeBase.java:102)
	at com.google.gwt.dev.shell.OophmSessionHandler.loadModule(OophmSessionHandler.java:180)
	at com.google.gwt.dev.shell.BrowserChannelServer.processConnection(BrowserChannelServer.java:510)
	at com.google.gwt.dev.shell.BrowserChannelServer.run(BrowserChannelServer.java:352)
	at java.lang.Thread.run(Thread.java:619)
   [ERROR] Out of memory; to increase the amount of memory, use the -Xmx flag at startup (java -Xmx128M ...)

[ERROR] Failed to load module 'org.opevel.Listings' from user agent 'Mozilla/5.0 (Windows; U; Windows NT 5.2; en-US; rv:1.9.1.16) Gecko/20101130 Firefox/3.5.16' at guideboard:1537
java.lang.OutOfMemoryError: Java heap space
	at com.google.gwt.core.ext.typeinfo.TypeOracleBuilder.newMethod(TypeOracleBuilder.java:103)
	at com.google.gwt.dev.javac.TypeOracleMediator.resolveMethod(TypeOracleMediator.java:990)
	at com.google.gwt.dev.javac.TypeOracleMediator.resolveClass(TypeOracleMediator.java:812)
	at com.google.gwt.dev.javac.TypeOracleMediator.addNewUnits(TypeOracleMediator.java:385)
	at com.google.gwt.dev.javac.CompilationState.assimilateUnits(CompilationState.java:165)
	at com.google.gwt.dev.javac.CompilationState.<init>(CompilationState.java:82)
	at com.google.gwt.dev.javac.CompilationStateBuilder.doBuildFrom(CompilationStateBuilder.java:392)
	at com.google.gwt.dev.javac.CompilationStateBuilder.buildFrom(CompilationStateBuilder.java:275)
	at com.google.gwt.dev.cfg.ModuleDef.getCompilationState(ModuleDef.java:299)
	at com.google.gwt.dev.DevModeBase$UiBrowserWidgetHostImpl.createModuleSpaceHost(DevModeBase.java:102)
	at com.google.gwt.dev.shell.OophmSessionHandler.loadModule(OophmSessionHandler.java:180)
	at com.google.gwt.dev.shell.BrowserChannelServer.processConnection(BrowserChannelServer.java:510)
	at com.google.gwt.dev.shell.BrowserChannelServer.run(BrowserChannelServer.java:352)
	at java.lang.Thread.run(Thread.java:619)
   [ERROR] Out of memory; to increase the amount of memory, use the -Xmx flag at startup (java -Xmx128M ...)
